#
# A fatal error has been detected by the Java Runtime Environment:
#
#  SIGSEGV (0xb) at pc=0x0000000125a93125, pid=23102, tid=1811
#
# JRE version: Java(TM) SE Runtime Environment (8.0_11-b12) (build 1.8.0_11-b12)
# Java VM: Java HotSpot(TM) 64-Bit Server VM (25.11-b03 mixed mode bsd-amd64 compressed oops)
# Problematic frame:
# C  [libglass.dylib+0x1b125]  GlassScreenDidChangeScreenParameters+0x25
#
# Failed to write core dump. Core dumps have been disabled. To enable core dumping, try "ulimit -c unlimited" before starting Java again
#
# If you would like to submit a bug report, please visit:
#   http://bugreport.sun.com/bugreport/crash.jsp
#

---------------  T H R E A D  ---------------

Current thread is native thread

siginfo:si_signo=SIGSEGV: si_errno=0, si_code=1 (SEGV_MAPERR), si_addr=0x0000000000000000

Registers:
RAX=0x0000000125ac5910, RBX=0x0000000000000000, RCX=0x6b0060b118af39e1, RDX=0x00007fff7387e1f8
RSP=0x00007fff53da3fc0, RBP=0x00007fff53da3fd0, RSI=0x00007fd033c0e490, RDI=0x0000000000000000
R8 =0x00007fff53da3e70, R9 =0x00007fff74837300, R10=0x0000000000000000, R11=0x0000000000000246
R12=0x00007fd033e0f190, R13=0x00000000000f4268, R14=0x00007fd033e78130, R15=0x00007fff53da4110
RIP=0x0000000125a93125, EFLAGS=0x0000000000010246, ERR=0x0000000000000004
  TRAPNO=0x000000000000000e

Top of Stack: (sp=0x00007fff53da3fc0)
0x00007fff53da3fc0:   00007fff53da3fd0 00007fff53da41a0
0x00007fff53da3fd0:   00007fff53da3fe0 00007fff862f0cbc
0x00007fff53da3fe0:   00007fff53da4340 00007fff861e21b4
0x00007fff53da3ff0:   00007fd033e7b1c0 0000000000000000
0x00007fff53da4000:   000000010be73000 00007fd033dfc080
0x00007fff53da4010:   0000000000001000 0000000000000270
0x00007fff53da4020:   0000000000000004 00007fd033e78130
0x00007fff53da4030:   0000000000000000 00007fff53da4110
0x00007fff53da4040:   0000000000000000 00007fd033e780f0
0x00007fff53da4050:   00007fff53da4190 000000000000001a
0x00007fff53da4060:   00000000000f428f 00007fd033e84c10
0x00007fff53da4070:   00007fd033c4a120 00007fd033e0f190
0x00007fff53da4080:   0000000000000001 00000000000f4268
0x00007fff53da4090:   00007fd033e0f180 00007fff8d4f8acb
0x00007fff53da40a0:   0000000000000001 0000000000000001
0x00007fff53da40b0:   0000000000000030 0000000000000001
0x00007fff53da40c0:   00007fff53da40e0 00007fff8d4fe231
0x00007fff53da40d0:   00007fff73a8edd0 0000000000000000
0x00007fff53da40e0:   00007fff53da4100 0000000000000006
0x00007fff53da40f0:   00003a0300000000 00007fd033e0f1b4
0x00007fff53da4100:   0000000000000000 00007fff861d7c8f
0x00007fff53da4110:   00007fd033e78130 00007fff73a8edd0
0x00007fff53da4120:   00007fff53da41a0 00007fff861e07bf
0x00007fff53da4130:   00007fff53da41a4 000000000019b901
0x00007fff53da4140:   000000010be76a00 0000000000000002
0x00007fff53da4150:   000000010be73000 00007fd033ea88b2
0x00007fff53da4160:   0000000000000003 000000010be76a00
0x00007fff53da4170:   00007fff53da4260 00007fff8d4f72a2
0x00007fff53da4180:   00007fd033c49c90 00007fff53da4348
0x00007fff53da4190:   0000000000000017 0000000000000000
0x00007fff53da41a0:   00000000000f4268 00007fff861d7f83
0x00007fff53da41b0:   00007fff00000000 00007fd033e5ccf0 

Instructions: (pc=0x0000000125a93125)
0x0000000125a93105:   48 83 ec 08 48 8d 05 f8 28 03 00 48 8b 00 48 85
0x0000000125a93115:   c0 48 89 fb 75 2e 48 8d 05 ee 27 03 00 48 8b 30
0x0000000125a93125:   48 8b 03 48 8d 15 58 90 01 00 48 8d 0d 62 51 01
0x0000000125a93135:   00 48 89 df ff 90 88 03 00 00 48 8d 0d c2 28 03 

Register to memory mapping:

RAX=0x0000000125ac5910: jScreenClass+0 in /Library/Java/JavaVirtualMachines/jdk1.8.0_11.jdk/Contents/Home/jre/lib/libglass.dylib at 0x0000000125a78000
RBX=0x0000000000000000 is an unknown value
RCX=0x6b0060b118af39e1 is an unknown value
RDX=0x00007fff7387e1f8: __sFX+0x1c8 in /usr/lib/system/libsystem_c.dylib at 0x00007fff84f12000
RSP=0x00007fff53da3fc0 is an unknown value
RBP=0x00007fff53da3fd0 is an unknown value
RSI=0x00007fd033c0e490 is a global jni handle
RDI=0x0000000000000000 is an unknown value
R8 =0x00007fff53da3e70 is an unknown value
R9 =0x00007fff74837300: _thread+0 in /usr/lib/system/libsystem_pthread.dylib at 0x00007fff8c0ec000
R10=0x0000000000000000 is an unknown value
R11=0x0000000000000246 is an unknown value
R12=0x00007fd033e0f190 is an unknown value
R13=0x00000000000f4268 is an unknown value
R14=0x00007fd033e78130 is an unknown value
R15=0x00007fff53da4110 is an unknown value


Stack: [0x00007fff535a7000,0x00007fff53da7000],  sp=0x00007fff53da3fc0,  free space=8179k
Native frames: (J=compiled Java code, j=interpreted, Vv=VM code, C=native code)
C  [libglass.dylib+0x1b125]  GlassScreenDidChangeScreenParameters+0x25
C  [CoreFoundation+0x11ecbc]  __CFNOTIFICATIONCENTER_IS_CALLING_OUT_TO_AN_OBSERVER__+0xc
C  [CoreFoundation+0x101b4]  _CFXNotificationPost+0xc44
C  [Foundation+0x2ea1]  -[NSNotificationCenter postNotificationName:object:userInfo:]+0x42
C  [AppKit+0x362dee]  -[NSApplication _reactToScreenInvalidationImmediately:]+0x17b
C  [AppKit+0x362c2d]  __44-[NSApplication _reactToScreenInvalidation:]_block_invoke+0x4b
C  [CoreFoundation+0x8054c]  __CFRUNLOOP_IS_CALLING_OUT_TO_A_BLOCK__+0xc
C  [CoreFoundation+0x72655]  __CFRunLoopDoBlocks+0x155
C  [CoreFoundation+0x72196]  __CFRunLoopRun+0x716
C  [CoreFoundation+0x71838]  CFRunLoopRunSpecific+0x128
C  [java+0x56cb]  CreateExecutionEnvironment+0x367
C  [java+0x166c]  JLI_Launch+0x7a0
C  [java+0x7689]  main+0x65
C  [java+0xec4]  start+0x34


---------------  P R O C E S S  ---------------

VM state:at safepoint (normal execution)

VM Mutex/Monitor currently owned by a thread:  ([mutex/lock_event])
[0x00007fd033d187b0] Threads_lock - owner thread: 0x00007fd035031800

Heap:
 PSYoungGen      total 5120K, used 2182K [0x0000000795580000, 0x0000000796080000, 0x00000007c0000000)
  eden space 4096K, 29% used [0x0000000795580000,0x00000007956a9a40,0x0000000795980000)
  from space 1024K, 96% used [0x0000000795980000,0x0000000795a78010,0x0000000795a80000)
  to   space 1536K, 0% used [0x0000000795f00000,0x0000000795f00000,0x0000000796080000)
 ParOldGen       total 129536K, used 1367K [0x0000000740000000, 0x0000000747e80000, 0x0000000795580000)
  object space 129536K, 1% used [0x0000000740000000,0x0000000740155ee0,0x0000000747e80000)
 Metaspace       used 7894K, capacity 8784K, committed 8832K, reserved 1056768K
  class space    used 1082K, capacity 1144K, committed 1152K, reserved 1048576K

Card table byte_map: [0x000000011cb84000,0x000000011cf85000] byte_map_base: 0x0000000119184000

Marking Bits: (ParMarkBitMap*) 0x000000010d0670a0
 Begin Bits: [0x000000011d63c000, 0x000000011f63c000)
 End Bits:   [0x000000011f63c000, 0x000000012163c000)

Polling page: 0x000000010bfe2000

CodeCache: size=245760Kb used=2247Kb max_used=2247Kb free=243512Kb
 bounds [0x000000010d7c4000, 0x000000010da34000, 0x000000011c7c4000]
 total_blobs=874 nmethods=457 adapters=333
 compilation: enabled

Compilation events (10 events):
Event: 0.587 Thread 0x00007fd034831800  453       1       java.nio.Buffer::position (5 bytes)
Event: 0.587 Thread 0x00007fd034831800 nmethod 453 0x000000010d9f4d10 code [0x000000010d9f4e60, 0x000000010d9f4f70]
Event: 0.588 Thread 0x00007fd034831800  454       1       java.nio.Buffer::limit (5 bytes)
Event: 0.588 Thread 0x00007fd034831800 nmethod 454 0x000000010d9f4fd0 code [0x000000010d9f5120, 0x000000010d9f5230]
Event: 0.588 Thread 0x00007fd034831800  455       3       java.nio.ByteBuffer::arrayOffset (35 bytes)
Event: 0.588 Thread 0x00007fd034831800 nmethod 455 0x000000010d9f5290 code [0x000000010d9f5420, 0x000000010d9f5718]
Event: 0.588 Thread 0x00007fd034831800  456       3       java.nio.Buffer::position (43 bytes)
Event: 0.588 Thread 0x00007fd034831800 nmethod 456 0x000000010d9f5850 code [0x000000010d9f59c0, 0x000000010d9f5c68]
Event: 0.590 Thread 0x00007fd034831800  457       3       java.lang.Math::max (11 bytes)
Event: 0.590 Thread 0x00007fd034831800 nmethod 457 0x000000010d9f5f10 code [0x000000010d9f6060, 0x000000010d9f61d0]

GC Heap History (10 events):
Event: 0.133 GC heap before
{Heap before GC invocations=3 (full 0):
 PSYoungGen      total 1536K, used 1512K [0x0000000795580000, 0x0000000795780000, 0x00000007c0000000)
  eden space 1024K, 99% used [0x0000000795580000,0x000000079567e348,0x0000000795680000)
  from space 512K, 96% used [0x0000000795700000,0x000000079577c010,0x0000000795780000)
  to   space 512K, 0% used [0x0000000795680000,0x0000000795680000,0x0000000795700000)
 ParOldGen       total 129536K, used 79K [0x0000000740000000, 0x0000000747e80000, 0x0000000795580000)
  object space 129536K, 0% used [0x0000000740000000,0x0000000740013e80,0x0000000747e80000)
 Metaspace       used 3417K, capacity 4954K, committed 5120K, reserved 1056768K
  class space    used 378K, capacity 458K, committed 512K, reserved 1048576K
Event: 0.134 GC heap after
Heap after GC invocations=3 (full 0):
 PSYoungGen      total 1536K, used 480K [0x0000000795580000, 0x0000000795880000, 0x00000007c0000000)
  eden space 1024K, 0% used [0x0000000795580000,0x0000000795580000,0x0000000795680000)
  from space 512K, 93% used [0x0000000795680000,0x00000007956f8020,0x0000000795700000)
  to   space 512K, 0% used [0x0000000795800000,0x0000000795800000,0x0000000795880000)
 ParOldGen       total 129536K, used 183K [0x0000000740000000, 0x0000000747e80000, 0x0000000795580000)
  object space 129536K, 0% used [0x0000000740000000,0x000000074002de80,0x0000000747e80000)
 Metaspace       used 3417K, capacity 4954K, committed 5120K, reserved 1056768K
  class space    used 378K, capacity 458K, committed 512K, reserved 1048576K
}
Event: 0.178 GC heap before
{Heap before GC invocations=4 (full 0):
 PSYoungGen      total 1536K, used 1504K [0x0000000795580000, 0x0000000795880000, 0x00000007c0000000)
  eden space 1024K, 100% used [0x0000000795580000,0x0000000795680000,0x0000000795680000)
  from space 512K, 93% used [0x0000000795680000,0x00000007956f8020,0x0000000795700000)
  to   space 512K, 0% used [0x0000000795800000,0x0000000795800000,0x0000000795880000)
 ParOldGen       total 129536K, used 183K [0x0000000740000000, 0x0000000747e80000, 0x0000000795580000)
  object space 129536K, 0% used [0x0000000740000000,0x000000074002de80,0x0000000747e80000)
 Metaspace       used 4086K, capacity 5466K, committed 5760K, reserved 1056768K
  class space    used 453K, capacity 522K, committed 640K, reserved 1048576K
Event: 0.179 GC heap after
Heap after GC invocations=4 (full 0):
 PSYoungGen      total 2560K, used 480K [0x0000000795580000, 0x0000000795880000, 0x00000007c0000000)
  eden space 2048K, 0% used [0x0000000795580000,0x0000000795580000,0x0000000795780000)
  from space 512K, 93% used [0x0000000795800000,0x0000000795878020,0x0000000795880000)
  to   space 512K, 0% used [0x0000000795780000,0x0000000795780000,0x0000000795800000)
 ParOldGen       total 129536K, used 247K [0x0000000740000000, 0x0000000747e80000, 0x0000000795580000)
  object space 129536K, 0% used [0x0000000740000000,0x000000074003de80,0x0000000747e80000)
 Metaspace       used 4086K, capacity 5466K, committed 5760K, reserved 1056768K
  class space    used 453K, capacity 522K, committed 640K, reserved 1048576K
}
Event: 0.332 GC heap before
{Heap before GC invocations=5 (full 0):
 PSYoungGen      total 2560K, used 2518K [0x0000000795580000, 0x0000000795880000, 0x00000007c0000000)
  eden space 2048K, 99% used [0x0000000795580000,0x000000079577da30,0x0000000795780000)
  from space 512K, 93% used [0x0000000795800000,0x0000000795878020,0x0000000795880000)
  to   space 512K, 0% used [0x0000000795780000,0x0000000795780000,0x0000000795800000)
 ParOldGen       total 129536K, used 247K [0x0000000740000000, 0x0000000747e80000, 0x0000000795580000)
  object space 129536K, 0% used [0x0000000740000000,0x000000074003de80,0x0000000747e80000)
 Metaspace       used 4859K, capacity 6170K, committed 6272K, reserved 1056768K
  class space    used 527K, capacity 586K, committed 640K, reserved 1048576K
Event: 0.334 GC heap after
Heap after GC invocations=5 (full 0):
 PSYoungGen      total 2560K, used 480K [0x0000000795580000, 0x0000000795b80000, 0x00000007c0000000)
  eden space 2048K, 0% used [0x0000000795580000,0x0000000795580000,0x0000000795780000)
  from space 512K, 93% used [0x0000000795780000,0x00000007957f8030,0x0000000795800000)
  to   space 1024K, 0% used [0x0000000795a80000,0x0000000795a80000,0x0000000795b80000)
 ParOldGen       total 129536K, used 839K [0x0000000740000000, 0x0000000747e80000, 0x0000000795580000)
  object space 129536K, 0% used [0x0000000740000000,0x00000007400d1e90,0x0000000747e80000)
 Metaspace       used 4859K, capacity 6170K, committed 6272K, reserved 1056768K
  class space    used 527K, capacity 586K, committed 640K, reserved 1048576K
}
Event: 0.389 GC heap before
{Heap before GC invocations=6 (full 0):
 PSYoungGen      total 2560K, used 2525K [0x0000000795580000, 0x0000000795b80000, 0x00000007c0000000)
  eden space 2048K, 99% used [0x0000000795580000,0x000000079577f518,0x0000000795780000)
  from space 512K, 93% used [0x0000000795780000,0x00000007957f8030,0x0000000795800000)
  to   space 1024K, 0% used [0x0000000795a80000,0x0000000795a80000,0x0000000795b80000)
 ParOldGen       total 129536K, used 839K [0x0000000740000000, 0x0000000747e80000, 0x0000000795580000)
  object space 129536K, 0% used [0x0000000740000000,0x00000007400d1e90,0x0000000747e80000)
 Metaspace       used 5818K, capacity 7070K, committed 7296K, reserved 1056768K
  class space    used 724K, capacity 778K, committed 896K, reserved 1048576K
Event: 0.391 GC heap after
Heap after GC invocations=6 (full 0):
 PSYoungGen      total 5120K, used 688K [0x0000000795580000, 0x0000000795b80000, 0x00000007c0000000)
  eden space 4096K, 0% used [0x0000000795580000,0x0000000795580000,0x0000000795980000)
  from space 1024K, 67% used [0x0000000795a80000,0x0000000795b2c020,0x0000000795b80000)
  to   space 1024K, 0% used [0x0000000795980000,0x0000000795980000,0x0000000795a80000)
 ParOldGen       total 129536K, used 847K [0x0000000740000000, 0x0000000747e80000, 0x0000000795580000)
  object space 129536K, 0% used [0x0000000740000000,0x00000007400d3e90,0x0000000747e80000)
 Metaspace       used 5818K, capacity 7070K, committed 7296K, reserved 1056768K
  class space    used 724K, capacity 778K, committed 896K, reserved 1048576K
}
Event: 0.508 GC heap before
{Heap before GC invocations=7 (full 0):
 PSYoungGen      total 5120K, used 4784K [0x0000000795580000, 0x0000000795b80000, 0x00000007c0000000)
  eden space 4096K, 100% used [0x0000000795580000,0x0000000795980000,0x0000000795980000)
  from space 1024K, 67% used [0x0000000795a80000,0x0000000795b2c020,0x0000000795b80000)
  to   space 1024K, 0% used [0x0000000795980000,0x0000000795980000,0x0000000795a80000)
 ParOldGen       total 129536K, used 847K [0x0000000740000000, 0x0000000747e80000, 0x0000000795580000)
  object space 129536K, 0% used [0x0000000740000000,0x00000007400d3e90,0x0000000747e80000)
 Metaspace       used 7113K, capacity 8232K, committed 8448K, reserved 1056768K
  class space    used 924K, capacity 976K, committed 1024K, reserved 1048576K
Event: 0.512 GC heap after
Heap after GC invocations=7 (full 0):
 PSYoungGen      total 5120K, used 992K [0x0000000795580000, 0x0000000796080000, 0x00000007c0000000)
  eden space 4096K, 0% used [0x0000000795580000,0x0000000795580000,0x0000000795980000)
  from space 1024K, 96% used [0x0000000795980000,0x0000000795a78010,0x0000000795a80000)
  to   space 1536K, 0% used [0x0000000795f00000,0x0000000795f00000,0x0000000796080000)
 ParOldGen       total 129536K, used 1367K [0x0000000740000000, 0x0000000747e80000, 0x0000000795580000)
  object space 129536K, 1% used [0x0000000740000000,0x0000000740155ee0,0x0000000747e80000)
 Metaspace       used 7113K, capacity 8232K, committed 8448K, reserved 1056768K
  class space    used 924K, capacity 976K, committed 1024K, reserved 1048576K
}

Deoptimization events (0 events):
No events

Internal exceptions (10 events):
Event: 0.492 Thread 0x00007fd0350eb800 Exception <a 'java/security/PrivilegedActionException'> (0x00000007958edb50) thrown at [/HUDSON3/workspace/8-2-build-macosx-x86_64/jdk8u11/648/hotspot/src/share/vm/prims/jvm.cpp, line 1248]
Event: 0.492 Thread 0x00007fd0350eb800 Exception <a 'java/security/PrivilegedActionException'> (0x00000007958f1750) thrown at [/HUDSON3/workspace/8-2-build-macosx-x86_64/jdk8u11/648/hotspot/src/share/vm/prims/jvm.cpp, line 1248]
Event: 0.493 Thread 0x00007fd0350eb800 Exception <a 'java/security/PrivilegedActionException'> (0x00000007958f5640) thrown at [/HUDSON3/workspace/8-2-build-macosx-x86_64/jdk8u11/648/hotspot/src/share/vm/prims/jvm.cpp, line 1248]
Event: 0.494 Thread 0x00007fd0350eb800 Exception <a 'java/security/PrivilegedActionException'> (0x00000007958f91a0) thrown at [/HUDSON3/workspace/8-2-build-macosx-x86_64/jdk8u11/648/hotspot/src/share/vm/prims/jvm.cpp, line 1248]
Event: 0.494 Thread 0x00007fd0350eb800 Exception <a 'java/security/PrivilegedActionException'> (0x00000007958fcee8) thrown at [/HUDSON3/workspace/8-2-build-macosx-x86_64/jdk8u11/648/hotspot/src/share/vm/prims/jvm.cpp, line 1248]
Event: 0.495 Thread 0x00007fd0350eb800 Exception <a 'java/security/PrivilegedActionException'> (0x0000000795900a88) thrown at [/HUDSON3/workspace/8-2-build-macosx-x86_64/jdk8u11/648/hotspot/src/share/vm/prims/jvm.cpp, line 1248]
Event: 0.496 Thread 0x00007fd0350eb800 Exception <a 'java/security/PrivilegedActionException'> (0x00000007959045f0) thrown at [/HUDSON3/workspace/8-2-build-macosx-x86_64/jdk8u11/648/hotspot/src/share/vm/prims/jvm.cpp, line 1248]
Event: 0.496 Thread 0x00007fd0350eb800 Exception <a 'java/security/PrivilegedActionException'> (0x0000000795907fd0) thrown at [/HUDSON3/workspace/8-2-build-macosx-x86_64/jdk8u11/648/hotspot/src/share/vm/prims/jvm.cpp, line 1248]
Event: 0.496 Thread 0x00007fd0350eb800 Exception <a 'java/security/PrivilegedActionException'> (0x000000079590b980) thrown at [/HUDSON3/workspace/8-2-build-macosx-x86_64/jdk8u11/648/hotspot/src/share/vm/prims/jvm.cpp, line 1248]
Event: 0.587 Thread 0x00007fd035800000 Exception <a 'java/lang/reflect/InvocationTargetException'> (0x0000000795696b20) thrown at [/HUDSON3/workspace/8-2-build-macosx-x86_64/jdk8u11/648/hotspot/src/share/vm/runtime/reflection.cpp, line 1079]

Events (10 events):
Event: 0.593 loading class java/util/Formatter$Flags done
Event: 0.594 loading class java/util/Formatter$Conversion
Event: 0.594 loading class java/util/Formatter$Conversion done
Event: 0.594 loading class java/util/Formattable
Event: 0.594 loading class java/util/Formattable done
Event: 0.594 loading class java/lang/Shutdown
Event: 0.594 loading class java/lang/Shutdown done
Event: 0.594 loading class java/lang/Shutdown$Lock
Event: 0.594 loading class java/lang/Shutdown$Lock done
Event: 0.594 Executing VM operation: Exit


Dynamic libraries:
0x00000000035ac000 	/System/Library/Frameworks/Cocoa.framework/Versions/A/Cocoa
0x00000000035ac000 	/System/Library/Frameworks/Security.framework/Versions/A/Security
0x00000000035ac000 	/System/Library/Frameworks/ApplicationServices.framework/Versions/A/ApplicationServices
0x00000000035ac000 	/usr/lib/libz.1.dylib
0x00000000035ac000 	/usr/lib/libSystem.B.dylib
0x00000000035ac000 	/usr/lib/libobjc.A.dylib
0x00000000035ac000 	/System/Library/Frameworks/CoreFoundation.framework/Versions/A/CoreFoundation
0x00000000035ac000 	/System/Library/Frameworks/Foundation.framework/Versions/C/Foundation
0x00000000035ac000 	/System/Library/Frameworks/AppKit.framework/Versions/C/AppKit
0x00000000035ac000 	/System/Library/Frameworks/CoreData.framework/Versions/A/CoreData
0x00000000035ac000 	/System/Library/PrivateFrameworks/RemoteViewServices.framework/Versions/A/RemoteViewServices
0x00000000035ac000 	/System/Library/PrivateFrameworks/UIFoundation.framework/Versions/A/UIFoundation
0x00000000035ac000 	/System/Library/Frameworks/IOSurface.framework/Versions/A/IOSurface
0x00000000035ac000 	/System/Library/Frameworks/AudioToolbox.framework/Versions/A/AudioToolbox
0x00000000035ac000 	/System/Library/Frameworks/AudioUnit.framework/Versions/A/AudioUnit
0x00000000035ac000 	/System/Library/PrivateFrameworks/DataDetectorsCore.framework/Versions/A/DataDetectorsCore
0x00000000035ac000 	/System/Library/PrivateFrameworks/DesktopServicesPriv.framework/Versions/A/DesktopServicesPriv
0x00000000035ac000 	/System/Library/Frameworks/Carbon.framework/Versions/A/Frameworks/HIToolbox.framework/Versions/A/HIToolbox
0x00000000035ac000 	/System/Library/Frameworks/QuartzCore.framework/Versions/A/QuartzCore
0x00000000035ac000 	/System/Library/Frameworks/Carbon.framework/Versions/A/Frameworks/SpeechRecognition.framework/Versions/A/SpeechRecognition
0x00000000035ac000 	/usr/lib/libauto.dylib
0x00000000035ac000 	/usr/lib/libicucore.A.dylib
0x00000000035ac000 	/usr/lib/libxml2.2.dylib
0x00000000035ac000 	/System/Library/PrivateFrameworks/CoreUI.framework/Versions/A/CoreUI
0x00000000035ac000 	/System/Library/Frameworks/CoreAudio.framework/Versions/A/CoreAudio
0x00000000035ac000 	/System/Library/Frameworks/DiskArbitration.framework/Versions/A/DiskArbitration
0x00000000035ac000 	/usr/lib/liblangid.dylib
0x00000000035ac000 	/System/Library/PrivateFrameworks/MultitouchSupport.framework/Versions/A/MultitouchSupport
0x00000000035ac000 	/System/Library/Frameworks/IOKit.framework/Versions/A/IOKit
0x00000000035ac000 	/usr/lib/libDiagnosticMessagesClient.dylib
0x00000000035ac000 	/System/Library/Frameworks/CoreServices.framework/Versions/A/CoreServices
0x00000000035ac000 	/System/Library/PrivateFrameworks/PerformanceAnalysis.framework/Versions/A/PerformanceAnalysis
0x00000000035ac000 	/System/Library/PrivateFrameworks/GenerationalStorage.framework/Versions/A/GenerationalStorage
0x00000000035ac000 	/System/Library/Frameworks/OpenGL.framework/Versions/A/OpenGL
0x00000000035ac000 	/System/Library/PrivateFrameworks/Sharing.framework/Versions/A/Sharing
0x00000000035ac000 	/System/Library/Frameworks/CoreGraphics.framework/Versions/A/CoreGraphics
0x00000000035ac000 	/System/Library/Frameworks/CoreText.framework/Versions/A/CoreText
0x00000000035ac000 	/System/Library/Frameworks/ImageIO.framework/Versions/A/ImageIO
0x00000000035ac000 	/usr/lib/libextension.dylib
0x00000000035ac000 	/System/Library/PrivateFrameworks/Backup.framework/Versions/A/Backup
0x00000000035ac000 	/usr/lib/libarchive.2.dylib
0x00000000035ac000 	/System/Library/Frameworks/CFNetwork.framework/Versions/A/CFNetwork
0x00000000035ac000 	/System/Library/Frameworks/SystemConfiguration.framework/Versions/A/SystemConfiguration
0x00000000035ac000 	/usr/lib/libCRFSuite.dylib
0x00000000035ac000 	/usr/lib/libc++.1.dylib
0x00000000035ac000 	/usr/lib/libc++abi.dylib
0x00000000035ac000 	/usr/lib/system/libcache.dylib
0x00000000035ac000 	/usr/lib/system/libcommonCrypto.dylib
0x00000000035ac000 	/usr/lib/system/libcompiler_rt.dylib
0x00000000035ac000 	/usr/lib/system/libcopyfile.dylib
0x00000000035ac000 	/usr/lib/system/libcorecrypto.dylib
0x00000000035ac000 	/usr/lib/system/libdispatch.dylib
0x00000000035ac000 	/usr/lib/system/libdyld.dylib
0x00000000035ac000 	/usr/lib/system/libkeymgr.dylib
0x00000000035ac000 	/usr/lib/system/liblaunch.dylib
0x00000000035ac000 	/usr/lib/system/libmacho.dylib
0x00000000035ac000 	/usr/lib/system/libquarantine.dylib
0x00000000035ac000 	/usr/lib/system/libremovefile.dylib
0x00000000035ac000 	/usr/lib/system/libsystem_asl.dylib
0x00000000035ac000 	/usr/lib/system/libsystem_blocks.dylib
0x00000000035ac000 	/usr/lib/system/libsystem_c.dylib
0x00000000035ac000 	/usr/lib/system/libsystem_configuration.dylib
0x00000000035ac000 	/usr/lib/system/libsystem_coreservices.dylib
0x00000000035ac000 	/usr/lib/system/libsystem_coretls.dylib
0x00000000035ac000 	/usr/lib/system/libsystem_dnssd.dylib
0x00000000035ac000 	/usr/lib/system/libsystem_info.dylib
0x00000000035ac000 	/usr/lib/system/libsystem_kernel.dylib
0x00000000035ac000 	/usr/lib/system/libsystem_m.dylib
0x00000000035ac000 	/usr/lib/system/libsystem_malloc.dylib
0x00000000035ac000 	/usr/lib/system/libsystem_network.dylib
0x00000000035ac000 	/usr/lib/system/libsystem_networkextension.dylib
0x00000000035ac000 	/usr/lib/system/libsystem_notify.dylib
0x00000000035ac000 	/usr/lib/system/libsystem_platform.dylib
0x00000000035ac000 	/usr/lib/system/libsystem_pthread.dylib
0x00000000035ac000 	/usr/lib/system/libsystem_sandbox.dylib
0x00000000035ac000 	/usr/lib/system/libsystem_secinit.dylib
0x00000000035ac000 	/usr/lib/system/libsystem_stats.dylib
0x00000000035ac000 	/usr/lib/system/libsystem_trace.dylib
0x00000000035ac000 	/usr/lib/system/libunc.dylib
0x00000000035ac000 	/usr/lib/system/libunwind.dylib
0x00000000035ac000 	/usr/lib/system/libxpc.dylib
0x00000000035ac000 	/usr/lib/libbz2.1.0.dylib
0x00000000035ac000 	/usr/lib/liblzma.5.dylib
0x00000000035ac000 	/usr/lib/libbsm.0.dylib
0x00000000035ac000 	/usr/lib/libsqlite3.dylib
0x00000000035ac000 	/usr/lib/system/libkxld.dylib
0x00000000035ac000 	/usr/lib/libxar.1.dylib
0x00000000035ac000 	/usr/lib/libpam.2.dylib
0x00000000035ac000 	/usr/lib/libOpenScriptingUtil.dylib
0x00000000035ac000 	/System/Library/Frameworks/CoreServices.framework/Versions/A/Frameworks/FSEvents.framework/Versions/A/FSEvents
0x00000000035ac000 	/System/Library/Frameworks/CoreServices.framework/Versions/A/Frameworks/CarbonCore.framework/Versions/A/CarbonCore
0x00000000035ac000 	/System/Library/Frameworks/CoreServices.framework/Versions/A/Frameworks/Metadata.framework/Versions/A/Metadata
0x00000000035ac000 	/System/Library/Frameworks/CoreServices.framework/Versions/A/Frameworks/OSServices.framework/Versions/A/OSServices
0x00000000035ac000 	/System/Library/Frameworks/CoreServices.framework/Versions/A/Frameworks/SearchKit.framework/Versions/A/SearchKit
0x00000000035ac000 	/System/Library/Frameworks/CoreServices.framework/Versions/A/Frameworks/AE.framework/Versions/A/AE
0x00000000035ac000 	/System/Library/Frameworks/CoreServices.framework/Versions/A/Frameworks/LaunchServices.framework/Versions/A/LaunchServices
0x00000000035ac000 	/System/Library/Frameworks/CoreServices.framework/Versions/A/Frameworks/DictionaryServices.framework/Versions/A/DictionaryServices
0x00000000035ac000 	/System/Library/Frameworks/NetFS.framework/Versions/A/NetFS
0x00000000035ac000 	/System/Library/PrivateFrameworks/NetAuth.framework/Versions/A/NetAuth
0x00000000035ac000 	/System/Library/PrivateFrameworks/login.framework/Versions/A/Frameworks/loginsupport.framework/Versions/A/loginsupport
0x00000000035ac000 	/System/Library/PrivateFrameworks/TCC.framework/Versions/A/TCC
0x00000000035ac000 	/usr/lib/libmecabra.dylib
0x00000000035ac000 	/System/Library/PrivateFrameworks/LanguageModeling.framework/Versions/A/LanguageModeling
0x00000000035ac000 	/usr/lib/libcmph.dylib
0x00000000035ac000 	/usr/lib/libiconv.2.dylib
0x00000000035ac000 	/System/Library/Frameworks/OpenDirectory.framework/Versions/A/Frameworks/CFOpenDirectory.framework/Versions/A/CFOpenDirectory
0x00000000035ac000 	/System/Library/Frameworks/ServiceManagement.framework/Versions/A/ServiceManagement
0x00000000035ac000 	/usr/lib/libxslt.1.dylib
0x00000000035ac000 	/System/Library/Frameworks/Carbon.framework/Versions/A/Frameworks/Ink.framework/Versions/A/Ink
0x00000000035ac000 	/System/Library/Frameworks/ApplicationServices.framework/Versions/A/Frameworks/ATS.framework/Versions/A/ATS
0x00000000035ac000 	/System/Library/Frameworks/ApplicationServices.framework/Versions/A/Frameworks/ColorSync.framework/Versions/A/ColorSync
0x00000000035ac000 	/System/Library/Frameworks/ApplicationServices.framework/Versions/A/Frameworks/HIServices.framework/Versions/A/HIServices
0x00000000035ac000 	/System/Library/Frameworks/ApplicationServices.framework/Versions/A/Frameworks/LangAnalysis.framework/Versions/A/LangAnalysis
0x00000000035ac000 	/System/Library/Frameworks/ApplicationServices.framework/Versions/A/Frameworks/PrintCore.framework/Versions/A/PrintCore
0x00000000035ac000 	/System/Library/Frameworks/ApplicationServices.framework/Versions/A/Frameworks/QD.framework/Versions/A/QD
0x00000000035ac000 	/System/Library/Frameworks/ApplicationServices.framework/Versions/A/Frameworks/SpeechSynthesis.framework/Versions/A/SpeechSynthesis
0x00000000035ac000 	/System/Library/Frameworks/Accelerate.framework/Versions/A/Accelerate
0x00000000035ac000 	/System/Library/Frameworks/Accelerate.framework/Versions/A/Frameworks/vImage.framework/Versions/A/vImage
0x00000000035ac000 	/System/Library/Frameworks/Accelerate.framework/Versions/A/Frameworks/vecLib.framework/Versions/A/vecLib
0x00000000035ac000 	/System/Library/Frameworks/Accelerate.framework/Versions/A/Frameworks/vecLib.framework/Versions/A/libvDSP.dylib
0x00000000035ac000 	/System/Library/Frameworks/Accelerate.framework/Versions/A/Frameworks/vecLib.framework/Versions/A/libvMisc.dylib
0x00000000035ac000 	/System/Library/Frameworks/Accelerate.framework/Versions/A/Frameworks/vecLib.framework/Versions/A/libLAPACK.dylib
0x00000000035ac000 	/System/Library/Frameworks/Accelerate.framework/Versions/A/Frameworks/vecLib.framework/Versions/A/libBLAS.dylib
0x00000000035ac000 	/System/Library/Frameworks/Accelerate.framework/Versions/A/Frameworks/vecLib.framework/Versions/A/libLinearAlgebra.dylib
0x00000000035ac000 	/System/Library/Frameworks/ApplicationServices.framework/Versions/A/Frameworks/ATS.framework/Versions/A/Resources/libFontParser.dylib
0x00000000035ac000 	/System/Library/Frameworks/ApplicationServices.framework/Versions/A/Frameworks/ATS.framework/Versions/A/Resources/libFontRegistry.dylib
0x00000000035ac000 	/System/Library/PrivateFrameworks/AppleVPA.framework/Versions/A/AppleVPA
0x00000000035ac000 	/System/Library/PrivateFrameworks/AppleJPEG.framework/Versions/A/AppleJPEG
0x00000000035ac000 	/System/Library/Frameworks/ImageIO.framework/Versions/A/Resources/libJPEG.dylib
0x00000000035ac000 	/System/Library/Frameworks/ImageIO.framework/Versions/A/Resources/libTIFF.dylib
0x00000000035ac000 	/System/Library/Frameworks/ImageIO.framework/Versions/A/Resources/libPng.dylib
0x00000000035ac000 	/System/Library/Frameworks/ImageIO.framework/Versions/A/Resources/libGIF.dylib
0x00000000035ac000 	/System/Library/Frameworks/ImageIO.framework/Versions/A/Resources/libJP2.dylib
0x00000000035ac000 	/System/Library/Frameworks/ImageIO.framework/Versions/A/Resources/libRadiance.dylib
0x00000000035ac000 	/System/Library/Frameworks/CoreVideo.framework/Versions/A/CoreVideo
0x00000000035ac000 	/System/Library/Frameworks/OpenGL.framework/Versions/A/Libraries/libGLU.dylib
0x00000000035ac000 	/System/Library/Frameworks/OpenGL.framework/Versions/A/Libraries/libGFXShared.dylib
0x00000000035ac000 	/System/Library/Frameworks/OpenGL.framework/Versions/A/Libraries/libGL.dylib
0x00000000035ac000 	/System/Library/Frameworks/OpenGL.framework/Versions/A/Libraries/libGLImage.dylib
0x00000000035ac000 	/System/Library/Frameworks/OpenGL.framework/Versions/A/Libraries/libCVMSPluginSupport.dylib
0x00000000035ac000 	/System/Library/Frameworks/OpenGL.framework/Versions/A/Libraries/libCoreVMClient.dylib
0x00000000035ac000 	/usr/lib/libcups.2.dylib
0x00000000035ac000 	/System/Library/Frameworks/Kerberos.framework/Versions/A/Kerberos
0x00000000035ac000 	/System/Library/Frameworks/GSS.framework/Versions/A/GSS
0x00000000035ac000 	/usr/lib/libresolv.9.dylib
0x00000000035ac000 	/System/Library/PrivateFrameworks/Heimdal.framework/Versions/A/Heimdal
0x00000000035ac000 	/usr/lib/libheimdal-asn1.dylib
0x00000000035ac000 	/System/Library/Frameworks/OpenDirectory.framework/Versions/A/OpenDirectory
0x00000000035ac000 	/System/Library/PrivateFrameworks/CommonAuth.framework/Versions/A/CommonAuth
0x00000000035ac000 	/System/Library/Frameworks/SecurityFoundation.framework/Versions/A/SecurityFoundation
0x00000000035ac000 	/System/Library/Frameworks/QuartzCore.framework/Versions/A/Frameworks/CoreImage.framework/Versions/A/CoreImage
0x00000000035ac000 	/System/Library/PrivateFrameworks/CrashReporterSupport.framework/Versions/A/CrashReporterSupport
0x00000000035ac000 	/System/Library/Frameworks/OpenCL.framework/Versions/A/OpenCL
0x00000000035ac000 	/System/Library/PrivateFrameworks/FaceCore.framework/Versions/A/FaceCore
0x00000000035ac000 	/System/Library/PrivateFrameworks/Ubiquity.framework/Versions/A/Ubiquity
0x00000000035ac000 	/System/Library/PrivateFrameworks/IconServices.framework/Versions/A/IconServices
0x00000000035ac000 	/System/Library/PrivateFrameworks/ChunkingLibrary.framework/Versions/A/ChunkingLibrary
0x00000000035ac000 	/System/Library/PrivateFrameworks/Apple80211.framework/Versions/A/Apple80211
0x00000000035ac000 	/System/Library/Frameworks/CoreWLAN.framework/Versions/A/CoreWLAN
0x00000000035ac000 	/System/Library/Frameworks/IOBluetooth.framework/Versions/A/IOBluetooth
0x00000000035ac000 	/System/Library/PrivateFrameworks/CoreWiFi.framework/Versions/A/CoreWiFi
0x00000000035ac000 	/System/Library/Frameworks/CoreBluetooth.framework/Versions/A/CoreBluetooth
0x00000000035ac000 	/System/Library/PrivateFrameworks/DebugSymbols.framework/Versions/A/DebugSymbols
0x00000000035ac000 	/System/Library/PrivateFrameworks/CoreSymbolication.framework/Versions/A/CoreSymbolication
0x00000000035ac000 	/System/Library/PrivateFrameworks/Symbolication.framework/Versions/A/Symbolication
0x00000000035ac000 	/System/Library/PrivateFrameworks/SpeechRecognitionCore.framework/Versions/A/SpeechRecognitionCore
0x000000010c800000 	/Library/Java/JavaVirtualMachines/jdk1.8.0_11.jdk/Contents/Home/jre/lib/server/libjvm.dylib
0x00000000035ac000 	/usr/lib/libstdc++.6.dylib
0x000000010bfa0000 	/Library/Java/JavaVirtualMachines/jdk1.8.0_11.jdk/Contents/Home/jre/lib/libverify.dylib
0x000000010bfae000 	/Library/Java/JavaVirtualMachines/jdk1.8.0_11.jdk/Contents/Home/jre/lib/libjava.dylib
0x000000010bfec000 	/Library/Java/JavaVirtualMachines/jdk1.8.0_11.jdk/Contents/Home/jre/lib/libzip.dylib
0x0000000123810000 	/System/Library/Frameworks/JavaVM.framework/Frameworks/JavaRuntimeSupport.framework/JavaRuntimeSupport
0x0000000123826000 	/System/Library/Frameworks/JavaVM.framework/Versions/A/Frameworks/JavaNativeFoundation.framework/Versions/A/JavaNativeFoundation
0x000000012383a000 	/System/Library/Frameworks/JavaVM.framework/Versions/A/JavaVM
0x00000000035ac000 	/System/Library/Frameworks/Carbon.framework/Versions/A/Carbon
0x000000010bff5000 	/System/Library/PrivateFrameworks/JavaLaunching.framework/Versions/A/JavaLaunching
0x00000000035ac000 	/System/Library/Frameworks/Carbon.framework/Versions/A/Frameworks/CommonPanels.framework/Versions/A/CommonPanels
0x00000000035ac000 	/System/Library/Frameworks/Carbon.framework/Versions/A/Frameworks/Help.framework/Versions/A/Help
0x00000000035ac000 	/System/Library/Frameworks/Carbon.framework/Versions/A/Frameworks/ImageCapture.framework/Versions/A/ImageCapture
0x00000000035ac000 	/System/Library/Frameworks/Carbon.framework/Versions/A/Frameworks/OpenScripting.framework/Versions/A/OpenScripting
0x00000000035ac000 	/System/Library/Frameworks/Carbon.framework/Versions/A/Frameworks/Print.framework/Versions/A/Print
0x00000000035ac000 	/System/Library/Frameworks/Carbon.framework/Versions/A/Frameworks/SecurityHI.framework/Versions/A/SecurityHI
0x0000000125806000 	/Library/Java/JavaVirtualMachines/jdk1.8.0_11.jdk/Contents/Home/jre/lib/libprism_es2.dylib
0x00000000035ac000 	/System/Library/Frameworks/OpenGL.framework/Versions/A/Resources/GLEngine.bundle/GLEngine
0x00000000035ac000 	/System/Library/Frameworks/OpenGL.framework/Versions/A/Libraries/libGLProgrammability.dylib
0x0000000000000000 	/System/Library/Extensions/AppleIntelHD3000GraphicsGLDriver.bundle/Contents/MacOS/AppleIntelHD3000GraphicsGLDriver
0x0000000125883000 	/System/Library/PrivateFrameworks/GPUSupport.framework/Versions/A/Libraries/libGPUSupport.dylib
0x00000000035ac000 	/System/Library/Frameworks/OpenGL.framework/Versions/A/Resources/GLRendererFloat.bundle/GLRendererFloat
0x00000000035ac000 	/System/Library/Frameworks/OpenCL.framework/Versions/A/Libraries/libcldcpuengine.dylib
0x00000000035ac000 	/System/Library/PrivateFrameworks/DiskImages.framework/Versions/A/DiskImages
0x00000000035ac000 	/System/Library/Frameworks/DiscRecording.framework/Versions/A/DiscRecording
0x00000000035ac000 	/usr/lib/libcsfde.dylib
0x00000000035ac000 	/usr/lib/libcurl.4.dylib
0x00000000035ac000 	/System/Library/PrivateFrameworks/MediaKit.framework/Versions/A/MediaKit
0x00000000035ac000 	/System/Library/PrivateFrameworks/ProtectedCloudStorage.framework/Versions/A/ProtectedCloudStorage
0x00000000035ac000 	/usr/lib/libCoreStorage.dylib
0x00000000035ac000 	/System/Library/PrivateFrameworks/EFILogin.framework/Versions/A/EFILogin
0x00000000035ac000 	/usr/lib/libutil.dylib
0x00000000035ac000 	/System/Library/PrivateFrameworks/FindMyDevice.framework/Versions/A/FindMyDevice
0x00000000035ac000 	/System/Library/Frameworks/LDAP.framework/Versions/A/LDAP
0x00000000035ac000 	/usr/lib/libsasl2.2.dylib
0x00000000035ac000 	/System/Library/PrivateFrameworks/CoreDaemon.framework/Versions/B/CoreDaemon
0x00000000035ac000 	/usr/lib/libcrypto.0.9.8.dylib
0x00000000035ac000 	/System/Library/PrivateFrameworks/AppleSRP.framework/Versions/A/AppleSRP
0x00000000035ac000 	/System/Library/PrivateFrameworks/TrustEvaluationAgent.framework/Versions/A/TrustEvaluationAgent
0x0000000125a78000 	/Library/Java/JavaVirtualMachines/jdk1.8.0_11.jdk/Contents/Home/jre/lib/libglass.dylib
0x00000000035ac000 	/System/Library/PrivateFrameworks/CoreServicesInternal.framework/Versions/A/CoreServicesInternal
0x00000000035ac000 	/System/Library/PrivateFrameworks/CloudDocs.framework/Versions/A/CloudDocs
0x00000000035ac000 	/System/Library/PrivateFrameworks/CoreDuet.framework/Versions/A/CoreDuet
0x00000000035ac000 	/System/Library/Frameworks/CloudKit.framework/Versions/A/CloudKit
0x00000000035ac000 	/System/Library/PrivateFrameworks/ProtocolBuffer.framework/Versions/A/ProtocolBuffer
0x00000000035ac000 	/System/Library/PrivateFrameworks/CoreDuetDaemonProtocol.framework/Versions/A/CoreDuetDaemonProtocol
0x00000000035ac000 	/System/Library/PrivateFrameworks/CoreDuetDebugLogging.framework/Versions/A/CoreDuetDebugLogging
0x00000000035ac000 	/System/Library/Frameworks/CoreLocation.framework/Versions/A/CoreLocation
0x00000000035ac000 	/System/Library/Frameworks/Accounts.framework/Versions/A/Accounts
0x00000000035ac000 	/System/Library/PrivateFrameworks/ApplePushService.framework/Versions/A/ApplePushService
0x00000000035ac000 	/System/Library/PrivateFrameworks/GeoServices.framework/Versions/A/GeoServices
0x00000000035ac000 	/System/Library/PrivateFrameworks/OAuth.framework/Versions/A/OAuth
0x00000000035ac000 	/System/Library/Frameworks/CoreGraphics.framework/Versions/A/Resources/libCGCMS.A.dylib
0x00000000035ac000 	/System/Library/CoreServices/RawCamera.bundle/Contents/MacOS/RawCamera
0x0000000127034000 	/System/Library/Frameworks/CoreGraphics.framework/Versions/A/Resources/libRIP.A.dylib
0x00000000035ac000 	/System/Library/PrivateFrameworks/FamilyControls.framework/Versions/A/FamilyControls
0x00000000035ac000 	/System/Library/PrivateFrameworks/CommerceKit.framework/Versions/A/Frameworks/CommerceCore.framework/Versions/A/CommerceCore
0x00000000035ac000 	/System/Library/PrivateFrameworks/SystemAdministration.framework/Versions/A/SystemAdministration
0x00000000035ac000 	/System/Library/PrivateFrameworks/AppContainer.framework/Versions/A/AppContainer
0x00000000035ac000 	/System/Library/PrivateFrameworks/SecCodeWrapper.framework/Versions/A/SecCodeWrapper
0x00000000035ac000 	/System/Library/Frameworks/DirectoryService.framework/Versions/A/DirectoryService
0x00000000035ac000 	/System/Library/PrivateFrameworks/LoginUIKit.framework/Versions/A/Frameworks/LoginUICore.framework/Versions/A/LoginUICore
0x00000000035ac000 	/usr/lib/libodfde.dylib
0x0000000126f10000 	/Library/Java/JavaVirtualMachines/jdk1.8.0_11.jdk/Contents/Home/jre/lib/libjavafx_font.dylib
0x00000000035ac000 	/System/Library/Frameworks/CoreGraphics.framework/Versions/A/Resources/libCGXType.A.dylib
0x0000000126f1e000 	cl_kernels
0x000000012a082000 	/System/Library/Frameworks/OpenCL.framework/Versions/A/Libraries/ImageFormats/unorm8_bgra.dylib
0x000000012a1ba000 	cl_kernels

VM Arguments:
jvm_args: -Dfile.encoding=UTF-8 
java_command: /Users/spacemunky/Documents/School/CS 3250/Projects/Calculator/dist/run41665105/Calculator.jar
java_class_path (initial): /Users/spacemunky/Documents/School/CS 3250/Projects/Calculator/dist/run41665105/Calculator.jar
Launcher Type: SUN_STANDARD

Environment Variables:
PATH=/usr/bin:/bin:/usr/sbin:/sbin
LD_LIBRARY_PATH=/Library/Java/JavaVirtualMachines/jdk1.8.0_11.jdk/Contents/Home/jre/lib/amd64:/Library/Java/JavaVirtualMachines/jdk1.8.0_11.jdk/Contents/Home/jre/lib/i386:
SHELL=/bin/bash
DISPLAY=/private/tmp/com.apple.launchd.lt9pP7cUam/org.macosforge.xquartz:0
DYLD_LIBRARY_PATH=/Applications/NetBeans/NetBeans 8.0.app/Contents/Resources/NetBeans/webcommon/bin:

Signal Handlers:
SIGSEGV: [libjvm.dylib+0x56059b], sa_mask[0]=0xfffefeff, sa_flags=0x00000043
SIGBUS: [libjvm.dylib+0x56059b], sa_mask[0]=0xfffefeff, sa_flags=0x00000042
SIGFPE: [libjvm.dylib+0x4438f2], sa_mask[0]=0xfffefeff, sa_flags=0x00000042
SIGPIPE: [libjvm.dylib+0x4438f2], sa_mask[0]=0xfffefeff, sa_flags=0x00000042
SIGXFSZ: [libjvm.dylib+0x4438f2], sa_mask[0]=0xfffefeff, sa_flags=0x00000042
SIGILL: [libjvm.dylib+0x4438f2], sa_mask[0]=0xfffefeff, sa_flags=0x00000042
SIGUSR1: SIG_DFL, sa_mask[0]=0x00000000, sa_flags=0x00000000
SIGUSR2: [libjvm.dylib+0x443410], sa_mask[0]=0x00000004, sa_flags=0x00000042
SIGHUP: [libjvm.dylib+0x44179b], sa_mask[0]=0xfffefeff, sa_flags=0x00000042
SIGINT: SIG_IGN, sa_mask[0]=0x00000000, sa_flags=0x00000000
SIGTERM: [libjvm.dylib+0x44179b], sa_mask[0]=0xfffefeff, sa_flags=0x00000042
SIGQUIT: [libjvm.dylib+0x44179b], sa_mask[0]=0xfffefeff, sa_flags=0x00000042


---------------  S Y S T E M  ---------------

OS:Bsduname:Darwin 14.0.0 Darwin Kernel Version 14.0.0: Fri Sep 19 00:26:44 PDT 2014; root:xnu-2782.1.97~2/RELEASE_X86_64 x86_64
rlimit: STACK 8192k, CORE 0k, NPROC 709, NOFILE 10240, AS infinity
load average:2.25 1.79 1.83

CPU:total 4 (2 cores per cpu, 2 threads per core) family 6 model 42 stepping 7, cmov, cx8, fxsr, mmx, sse, sse2, sse3, ssse3, sse4.1, sse4.2, popcnt, avx, aes, clmul, ht, tsc, tscinvbit

Memory: 4k page, physical 8388608k(581360k free)

/proc/meminfo:


vm_info: Java HotSpot(TM) 64-Bit Server VM (25.11-b03) for bsd-amd64 JRE (1.8.0_11-b12), built on Jun 16 2014 17:39:42 by "java_re" with gcc 4.2.1 (Based on Apple Inc. build 5658) (LLVM build 2336.11.00)

time: Sun Dec  7 19:42:14 2014
elapsed time: 0 seconds

