#
# A fatal error has been detected by the Java Runtime Environment:
#
#  SIGSEGV (0xb) at pc=0x000000011b6e6125, pid=18695, tid=1811
#
# JRE version: Java(TM) SE Runtime Environment (8.0_11-b12) (build 1.8.0_11-b12)
# Java VM: Java HotSpot(TM) 64-Bit Server VM (25.11-b03 mixed mode bsd-amd64 compressed oops)
# Problematic frame:
# C  [libglass.dylib+0x1b125]  GlassScreenDidChangeScreenParameters+0x25
#
# Failed to write core dump. Core dumps have been disabled. To enable core dumping, try "ulimit -c unlimited" before starting Java again
#
# If you would like to submit a bug report, please visit:
#   http://bugreport.sun.com/bugreport/crash.jsp
#

---------------  T H R E A D  ---------------

Current thread is native thread

siginfo:si_signo=SIGSEGV: si_errno=0, si_code=1 (SEGV_MAPERR), si_addr=0x0000000000000000

Registers:
RAX=0x000000011b718910, RBX=0x0000000000000000, RCX=0x34001f775c7e00a4, RDX=0x00007fff7387e1f8
RSP=0x00007fff5e14ffc0, RBP=0x00007fff5e14ffd0, RSI=0x00007fe0f3701cf0, RDI=0x0000000000000000
R8 =0x00007fff5e14fe70, R9 =0x00007fff74837300, R10=0x0000000000000000, R11=0x0000000000000246
R12=0x00007fe0f3537bf0, R13=0x00000000000f4268, R14=0x00007fe0f3776e50, R15=0x00007fff5e150110
RIP=0x000000011b6e6125, EFLAGS=0x0000000000010246, ERR=0x0000000000000004
  TRAPNO=0x000000000000000e

Top of Stack: (sp=0x00007fff5e14ffc0)
0x00007fff5e14ffc0:   00007fff5e14ffd0 00007fff5e1501a0
0x00007fff5e14ffd0:   00007fff5e14ffe0 00007fff862f0cbc
0x00007fff5e14ffe0:   00007fff5e150340 00007fff861e21b4
0x00007fff5e14fff0:   00007fe0f363bdc0 0000000000001400
0x00007fff5e150000:   0000000101ac7000 00007fe0f35fc080
0x00007fff5e150010:   0000000000001002 0000000000000270
0x00007fff5e150020:   0000000000000004 00007fe0f3776e50
0x00007fff5e150030:   0000000000000000 00007fff5e150110
0x00007fff5e150040:   0000000000000000 00007fe0f3776e10
0x00007fff5e150050:   00007fff5e150190 000000000000001a
0x00007fff5e150060:   00000000000f428f 00007fe0f36ad970
0x00007fff5e150070:   00007fe0f3745470 00007fe0f3537bf0
0x00007fff5e150080:   0000000000000001 00000000000f4268
0x00007fff5e150090:   00007fe0f3537be0 00007fff8d4f8acb
0x00007fff5e1500a0:   0000000000000001 0000000000000001
0x00007fff5e1500b0:   0000000000000030 0000000000000001
0x00007fff5e1500c0:   00007fff5e1500e0 00007fff8d4fe231
0x00007fff5e1500d0:   00007fff73a8edd0 0000000000000000
0x00007fff5e1500e0:   00007fff5e150100 0000000000000002
0x00007fff5e1500f0:   00003a0300000000 00007fe0f3537c14
0x00007fff5e150100:   0000000000000000 00007fff861d7c8f
0x00007fff5e150110:   00007fe0f3776e50 00007fff73a8edd0
0x00007fff5e150120:   00007fff5e1501a0 00007fff861e07bf
0x00007fff5e150130:   00007fff5e1501a4 0000000000199801
0x00007fff5e150140:   0000000101acaa00 0000000000000002
0x00007fff5e150150:   0000000101ac7000 00007fe0f3645502
0x00007fff5e150160:   0000000000000003 0000000101acbe00
0x00007fff5e150170:   00007fff5e150260 00007fff8d4f72a2
0x00007fff5e150180:   00007fe0f3743870 00007fff5e150348
0x00007fff5e150190:   0000000000000017 0000000000000000
0x00007fff5e1501a0:   00000000000f4268 00007fff861d7f83
0x00007fff5e1501b0:   00007fff00000000 00007fe0f3749c20 

Instructions: (pc=0x000000011b6e6125)
0x000000011b6e6105:   48 83 ec 08 48 8d 05 f8 28 03 00 48 8b 00 48 85
0x000000011b6e6115:   c0 48 89 fb 75 2e 48 8d 05 ee 27 03 00 48 8b 30
0x000000011b6e6125:   48 8b 03 48 8d 15 58 90 01 00 48 8d 0d 62 51 01
0x000000011b6e6135:   00 48 89 df ff 90 88 03 00 00 48 8d 0d c2 28 03 

Register to memory mapping:

RAX=0x000000011b718910: jScreenClass+0 in /Library/Java/JavaVirtualMachines/jdk1.8.0_11.jdk/Contents/Home/jre/lib/libglass.dylib at 0x000000011b6cb000
RBX=0x0000000000000000 is an unknown value
RCX=0x34001f775c7e00a4 is an unknown value
RDX=0x00007fff7387e1f8: __sFX+0x1c8 in /usr/lib/system/libsystem_c.dylib at 0x00007fff84f12000
RSP=0x00007fff5e14ffc0 is an unknown value
RBP=0x00007fff5e14ffd0 is an unknown value
RSI=0x00007fe0f3701cf0 is a global jni handle
RDI=0x0000000000000000 is an unknown value
R8 =0x00007fff5e14fe70 is an unknown value
R9 =0x00007fff74837300: _thread+0 in /usr/lib/system/libsystem_pthread.dylib at 0x00007fff8c0ec000
R10=0x0000000000000000 is an unknown value
R11=0x0000000000000246 is an unknown value
R12=0x00007fe0f3537bf0 is an unknown value
R13=0x00000000000f4268 is an unknown value
R14=0x00007fe0f3776e50 is an unknown value
R15=0x00007fff5e150110 is an unknown value


Stack: [0x00007fff5d953000,0x00007fff5e153000],  sp=0x00007fff5e14ffc0,  free space=8179k
Native frames: (J=compiled Java code, j=interpreted, Vv=VM code, C=native code)
C  [libglass.dylib+0x1b125]  GlassScreenDidChangeScreenParameters+0x25
C  [CoreFoundation+0x11ecbc]  __CFNOTIFICATIONCENTER_IS_CALLING_OUT_TO_AN_OBSERVER__+0xc
C  [CoreFoundation+0x101b4]  _CFXNotificationPost+0xc44
C  [Foundation+0x2ea1]  -[NSNotificationCenter postNotificationName:object:userInfo:]+0x42
C  [AppKit+0x362dee]  -[NSApplication _reactToScreenInvalidationImmediately:]+0x17b
C  [AppKit+0x362c2d]  __44-[NSApplication _reactToScreenInvalidation:]_block_invoke+0x4b
C  [CoreFoundation+0x8054c]  __CFRUNLOOP_IS_CALLING_OUT_TO_A_BLOCK__+0xc
C  [CoreFoundation+0x72655]  __CFRunLoopDoBlocks+0x155
C  [CoreFoundation+0x72196]  __CFRunLoopRun+0x716
C  [CoreFoundation+0x71838]  CFRunLoopRunSpecific+0x128
C  [java+0x56cb]  CreateExecutionEnvironment+0x367
C  [java+0x166c]  JLI_Launch+0x7a0
C  [java+0x7689]  main+0x65
C  [java+0xec4]  start+0x34


---------------  P R O C E S S  ---------------

VM state:at safepoint (normal execution)

VM Mutex/Monitor currently owned by a thread:  ([mutex/lock_event])
[0x00007fe0f3402eb0] Threads_lock - owner thread: 0x00007fe0f500d000

Heap:
 PSYoungGen      total 5120K, used 4534K [0x0000000795580000, 0x0000000795b80000, 0x00000007c0000000)
  eden space 4096K, 95% used [0x0000000795580000,0x0000000795955920,0x0000000795980000)
  from space 1024K, 59% used [0x0000000795a80000,0x0000000795b18010,0x0000000795b80000)
  to   space 1024K, 0% used [0x0000000795980000,0x0000000795980000,0x0000000795a80000)
 ParOldGen       total 129536K, used 864K [0x0000000740000000, 0x0000000747e80000, 0x0000000795580000)
  object space 129536K, 0% used [0x0000000740000000,0x00000007400d8040,0x0000000747e80000)
 Metaspace       used 7262K, capacity 8240K, committed 8576K, reserved 1056768K
  class space    used 985K, capacity 1048K, committed 1152K, reserved 1048576K

Card table byte_map: [0x00000001127d1000,0x0000000112bd2000] byte_map_base: 0x000000010edd1000

Marking Bits: (ParMarkBitMap*) 0x00000001024440a0
 Begin Bits: [0x0000000113289000, 0x0000000115289000)
 End Bits:   [0x0000000115289000, 0x0000000117289000)

Polling page: 0x0000000102bfa000

CodeCache: size=245760Kb used=2152Kb max_used=2154Kb free=243607Kb
 bounds [0x0000000103411000, 0x0000000103681000, 0x0000000112411000]
 total_blobs=819 nmethods=420 adapters=315
 compilation: enabled

Compilation events (10 events):
Event: 0.613 Thread 0x00007fe0f403b800  416       1       java.nio.Buffer::position (5 bytes)
Event: 0.613 Thread 0x00007fe0f403b800 nmethod 416 0x000000010361dfd0 code [0x000000010361e120, 0x000000010361e230]
Event: 0.614 Thread 0x00007fe0f403b800  417       1       java.nio.Buffer::limit (5 bytes)
Event: 0.614 Thread 0x00007fe0f403b800 nmethod 417 0x000000010361dd10 code [0x000000010361de60, 0x000000010361df70]
Event: 0.615 Thread 0x00007fe0f403b800  418       3       java.nio.ByteBuffer::arrayOffset (35 bytes)
Event: 0.615 Thread 0x00007fe0f403b800 nmethod 418 0x000000010361d750 code [0x000000010361d8e0, 0x000000010361dbd8]
Event: 0.615 Thread 0x00007fe0f403b800  419       3       java.nio.Buffer::position (43 bytes)
Event: 0.615 Thread 0x00007fe0f403b800 nmethod 419 0x000000010361d290 code [0x000000010361d400, 0x000000010361d6a8]
Event: 0.618 Thread 0x00007fe0f403b800  420       3       java.lang.Math::max (11 bytes)
Event: 0.618 Thread 0x00007fe0f403b800 nmethod 420 0x000000010362c010 code [0x000000010362c160, 0x000000010362c2d0]

GC Heap History (10 events):
Event: 0.128 GC heap before
{Heap before GC invocations=2 (full 0):
 PSYoungGen      total 1024K, used 1008K [0x0000000795580000, 0x0000000795780000, 0x00000007c0000000)
  eden space 512K, 100% used [0x0000000795580000,0x0000000795600000,0x0000000795600000)
  from space 512K, 96% used [0x0000000795600000,0x000000079567c010,0x0000000795680000)
  to   space 512K, 0% used [0x0000000795700000,0x0000000795700000,0x0000000795780000)
 ParOldGen       total 129536K, used 16K [0x0000000740000000, 0x0000000747e80000, 0x0000000795580000)
  object space 129536K, 0% used [0x0000000740000000,0x0000000740004000,0x0000000747e80000)
 Metaspace       used 2905K, capacity 4562K, committed 4864K, reserved 1056768K
  class space    used 317K, capacity 390K, committed 512K, reserved 1048576K
Event: 0.135 GC heap after
Heap after GC invocations=2 (full 0):
 PSYoungGen      total 1536K, used 480K [0x0000000795580000, 0x0000000795780000, 0x00000007c0000000)
  eden space 1024K, 0% used [0x0000000795580000,0x0000000795580000,0x0000000795680000)
  from space 512K, 93% used [0x0000000795700000,0x0000000795778020,0x0000000795780000)
  to   space 512K, 0% used [0x0000000795680000,0x0000000795680000,0x0000000795700000)
 ParOldGen       total 129536K, used 104K [0x0000000740000000, 0x0000000747e80000, 0x0000000795580000)
  object space 129536K, 0% used [0x0000000740000000,0x000000074001a000,0x0000000747e80000)
 Metaspace       used 2905K, capacity 4562K, committed 4864K, reserved 1056768K
  class space    used 317K, capacity 390K, committed 512K, reserved 1048576K
}
Event: 0.175 GC heap before
{Heap before GC invocations=3 (full 0):
 PSYoungGen      total 1536K, used 1504K [0x0000000795580000, 0x0000000795780000, 0x00000007c0000000)
  eden space 1024K, 100% used [0x0000000795580000,0x0000000795680000,0x0000000795680000)
  from space 512K, 93% used [0x0000000795700000,0x0000000795778020,0x0000000795780000)
  to   space 512K, 0% used [0x0000000795680000,0x0000000795680000,0x0000000795700000)
 ParOldGen       total 129536K, used 104K [0x0000000740000000, 0x0000000747e80000, 0x0000000795580000)
  object space 129536K, 0% used [0x0000000740000000,0x000000074001a000,0x0000000747e80000)
 Metaspace       used 3435K, capacity 5014K, committed 5120K, reserved 1056768K
  class space    used 379K, capacity 458K, committed 512K, reserved 1048576K
Event: 0.176 GC heap after
Heap after GC invocations=3 (full 0):
 PSYoungGen      total 1536K, used 512K [0x0000000795580000, 0x0000000795880000, 0x00000007c0000000)
  eden space 1024K, 0% used [0x0000000795580000,0x0000000795580000,0x0000000795680000)
  from space 512K, 100% used [0x0000000795680000,0x0000000795700000,0x0000000795700000)
  to   space 512K, 0% used [0x0000000795800000,0x0000000795800000,0x0000000795880000)
 ParOldGen       total 129536K, used 168K [0x0000000740000000, 0x0000000747e80000, 0x0000000795580000)
  object space 129536K, 0% used [0x0000000740000000,0x000000074002a030,0x0000000747e80000)
 Metaspace       used 3435K, capacity 5014K, committed 5120K, reserved 1056768K
  class space    used 379K, capacity 458K, committed 512K, reserved 1048576K
}
Event: 0.230 GC heap before
{Heap before GC invocations=4 (full 0):
 PSYoungGen      total 1536K, used 1533K [0x0000000795580000, 0x0000000795880000, 0x00000007c0000000)
  eden space 1024K, 99% used [0x0000000795580000,0x000000079567f560,0x0000000795680000)
  from space 512K, 100% used [0x0000000795680000,0x0000000795700000,0x0000000795700000)
  to   space 512K, 0% used [0x0000000795800000,0x0000000795800000,0x0000000795880000)
 ParOldGen       total 129536K, used 168K [0x0000000740000000, 0x0000000747e80000, 0x0000000795580000)
  object space 129536K, 0% used [0x0000000740000000,0x000000074002a030,0x0000000747e80000)
 Metaspace       used 4086K, capacity 5462K, committed 5760K, reserved 1056768K
  class space    used 454K, capacity 522K, committed 640K, reserved 1048576K
Event: 0.231 GC heap after
Heap after GC invocations=4 (full 0):
 PSYoungGen      total 2560K, used 512K [0x0000000795580000, 0x0000000795880000, 0x00000007c0000000)
  eden space 2048K, 0% used [0x0000000795580000,0x0000000795580000,0x0000000795780000)
  from space 512K, 100% used [0x0000000795800000,0x0000000795880000,0x0000000795880000)
  to   space 512K, 0% used [0x0000000795780000,0x0000000795780000,0x0000000795800000)
 ParOldGen       total 129536K, used 208K [0x0000000740000000, 0x0000000747e80000, 0x0000000795580000)
  object space 129536K, 0% used [0x0000000740000000,0x0000000740034030,0x0000000747e80000)
 Metaspace       used 4086K, capacity 5462K, committed 5760K, reserved 1056768K
  class space    used 454K, capacity 522K, committed 640K, reserved 1048576K
}
Event: 0.378 GC heap before
{Heap before GC invocations=5 (full 0):
 PSYoungGen      total 2560K, used 2555K [0x0000000795580000, 0x0000000795880000, 0x00000007c0000000)
  eden space 2048K, 99% used [0x0000000795580000,0x000000079577ed48,0x0000000795780000)
  from space 512K, 100% used [0x0000000795800000,0x0000000795880000,0x0000000795880000)
  to   space 512K, 0% used [0x0000000795780000,0x0000000795780000,0x0000000795800000)
 ParOldGen       total 129536K, used 208K [0x0000000740000000, 0x0000000747e80000, 0x0000000795580000)
  object space 129536K, 0% used [0x0000000740000000,0x0000000740034030,0x0000000747e80000)
 Metaspace       used 4884K, capacity 6166K, committed 6272K, reserved 1056768K
  class space    used 530K, capacity 586K, committed 640K, reserved 1048576K
Event: 0.381 GC heap after
Heap after GC invocations=5 (full 0):
 PSYoungGen      total 2560K, used 480K [0x0000000795580000, 0x0000000795b80000, 0x00000007c0000000)
  eden space 2048K, 0% used [0x0000000795580000,0x0000000795580000,0x0000000795780000)
  from space 512K, 93% used [0x0000000795780000,0x00000007957f8010,0x0000000795800000)
  to   space 1024K, 0% used [0x0000000795a80000,0x0000000795a80000,0x0000000795b80000)
 ParOldGen       total 129536K, used 856K [0x0000000740000000, 0x0000000747e80000, 0x0000000795580000)
  object space 129536K, 0% used [0x0000000740000000,0x00000007400d6040,0x0000000747e80000)
 Metaspace       used 4884K, capacity 6166K, committed 6272K, reserved 1056768K
  class space    used 530K, capacity 586K, committed 640K, reserved 1048576K
}
Event: 0.444 GC heap before
{Heap before GC invocations=6 (full 0):
 PSYoungGen      total 2560K, used 2526K [0x0000000795580000, 0x0000000795b80000, 0x00000007c0000000)
  eden space 2048K, 99% used [0x0000000795580000,0x000000079577fa28,0x0000000795780000)
  from space 512K, 93% used [0x0000000795780000,0x00000007957f8010,0x0000000795800000)
  to   space 1024K, 0% used [0x0000000795a80000,0x0000000795a80000,0x0000000795b80000)
 ParOldGen       total 129536K, used 856K [0x0000000740000000, 0x0000000747e80000, 0x0000000795580000)
  object space 129536K, 0% used [0x0000000740000000,0x00000007400d6040,0x0000000747e80000)
 Metaspace       used 5846K, capacity 7066K, committed 7296K, reserved 1056768K
  class space    used 724K, capacity 778K, committed 896K, reserved 1048576K
Event: 0.446 GC heap after
Heap after GC invocations=6 (full 0):
 PSYoungGen      total 5120K, used 608K [0x0000000795580000, 0x0000000795b80000, 0x00000007c0000000)
  eden space 4096K, 0% used [0x0000000795580000,0x0000000795580000,0x0000000795980000)
  from space 1024K, 59% used [0x0000000795a80000,0x0000000795b18010,0x0000000795b80000)
  to   space 1024K, 0% used [0x0000000795980000,0x0000000795980000,0x0000000795a80000)
 ParOldGen       total 129536K, used 864K [0x0000000740000000, 0x0000000747e80000, 0x0000000795580000)
  object space 129536K, 0% used [0x0000000740000000,0x00000007400d8040,0x0000000747e80000)
 Metaspace       used 5846K, capacity 7066K, committed 7296K, reserved 1056768K
  class space    used 724K, capacity 778K, committed 896K, reserved 1048576K
}

Deoptimization events (0 events):
No events

Internal exceptions (10 events):
Event: 0.540 Thread 0x00007fe0f50e5000 Exception <a 'java/security/PrivilegedActionException'> (0x00000007958d69c0) thrown at [/HUDSON3/workspace/8-2-build-macosx-x86_64/jdk8u11/648/hotspot/src/share/vm/prims/jvm.cpp, line 1248]
Event: 0.540 Thread 0x00007fe0f50e5000 Exception <a 'java/security/PrivilegedActionException'> (0x00000007958da0e0) thrown at [/HUDSON3/workspace/8-2-build-macosx-x86_64/jdk8u11/648/hotspot/src/share/vm/prims/jvm.cpp, line 1248]
Event: 0.541 Thread 0x00007fe0f50e5000 Exception <a 'java/security/PrivilegedActionException'> (0x00000007958dd818) thrown at [/HUDSON3/workspace/8-2-build-macosx-x86_64/jdk8u11/648/hotspot/src/share/vm/prims/jvm.cpp, line 1248]
Event: 0.541 Thread 0x00007fe0f50e5000 Exception <a 'java/security/PrivilegedActionException'> (0x00000007958e0f38) thrown at [/HUDSON3/workspace/8-2-build-macosx-x86_64/jdk8u11/648/hotspot/src/share/vm/prims/jvm.cpp, line 1248]
Event: 0.542 Thread 0x00007fe0f50e5000 Exception <a 'java/security/PrivilegedActionException'> (0x00000007958e4658) thrown at [/HUDSON3/workspace/8-2-build-macosx-x86_64/jdk8u11/648/hotspot/src/share/vm/prims/jvm.cpp, line 1248]
Event: 0.542 Thread 0x00007fe0f50e5000 Exception <a 'java/security/PrivilegedActionException'> (0x00000007958e7f08) thrown at [/HUDSON3/workspace/8-2-build-macosx-x86_64/jdk8u11/648/hotspot/src/share/vm/prims/jvm.cpp, line 1248]
Event: 0.543 Thread 0x00007fe0f50e5000 Exception <a 'java/security/PrivilegedActionException'> (0x00000007958eb630) thrown at [/HUDSON3/workspace/8-2-build-macosx-x86_64/jdk8u11/648/hotspot/src/share/vm/prims/jvm.cpp, line 1248]
Event: 0.543 Thread 0x00007fe0f50e5000 Exception <a 'java/security/PrivilegedActionException'> (0x00000007958eeee8) thrown at [/HUDSON3/workspace/8-2-build-macosx-x86_64/jdk8u11/648/hotspot/src/share/vm/prims/jvm.cpp, line 1248]
Event: 0.544 Thread 0x00007fe0f50e5000 Exception <a 'java/security/PrivilegedActionException'> (0x00000007958f2638) thrown at [/HUDSON3/workspace/8-2-build-macosx-x86_64/jdk8u11/648/hotspot/src/share/vm/prims/jvm.cpp, line 1248]
Event: 0.611 Thread 0x00007fe0f4008000 Exception <a 'java/lang/reflect/InvocationTargetException'> (0x00000007959430a8) thrown at [/HUDSON3/workspace/8-2-build-macosx-x86_64/jdk8u11/648/hotspot/src/share/vm/runtime/reflection.cpp, line 1079]

Events (10 events):
Event: 0.620 loading class java/util/Formatter$Flags done
Event: 0.621 loading class java/util/Formatter$Conversion
Event: 0.621 loading class java/util/Formatter$Conversion done
Event: 0.621 loading class java/util/Formattable
Event: 0.621 loading class java/util/Formattable done
Event: 0.621 loading class java/lang/Shutdown
Event: 0.621 loading class java/lang/Shutdown done
Event: 0.621 loading class java/lang/Shutdown$Lock
Event: 0.621 loading class java/lang/Shutdown$Lock done
Event: 0.621 Executing VM operation: Exit


Dynamic libraries:
0x00000000035ac000 	/System/Library/Frameworks/Cocoa.framework/Versions/A/Cocoa
0x00000000035ac000 	/System/Library/Frameworks/Security.framework/Versions/A/Security
0x00000000035ac000 	/System/Library/Frameworks/ApplicationServices.framework/Versions/A/ApplicationServices
0x00000000035ac000 	/usr/lib/libz.1.dylib
0x00000000035ac000 	/usr/lib/libSystem.B.dylib
0x00000000035ac000 	/usr/lib/libobjc.A.dylib
0x00000000035ac000 	/System/Library/Frameworks/CoreFoundation.framework/Versions/A/CoreFoundation
0x00000000035ac000 	/System/Library/Frameworks/Foundation.framework/Versions/C/Foundation
0x00000000035ac000 	/System/Library/Frameworks/AppKit.framework/Versions/C/AppKit
0x00000000035ac000 	/System/Library/Frameworks/CoreData.framework/Versions/A/CoreData
0x00000000035ac000 	/System/Library/PrivateFrameworks/RemoteViewServices.framework/Versions/A/RemoteViewServices
0x00000000035ac000 	/System/Library/PrivateFrameworks/UIFoundation.framework/Versions/A/UIFoundation
0x00000000035ac000 	/System/Library/Frameworks/IOSurface.framework/Versions/A/IOSurface
0x00000000035ac000 	/System/Library/Frameworks/AudioToolbox.framework/Versions/A/AudioToolbox
0x00000000035ac000 	/System/Library/Frameworks/AudioUnit.framework/Versions/A/AudioUnit
0x00000000035ac000 	/System/Library/PrivateFrameworks/DataDetectorsCore.framework/Versions/A/DataDetectorsCore
0x00000000035ac000 	/System/Library/PrivateFrameworks/DesktopServicesPriv.framework/Versions/A/DesktopServicesPriv
0x00000000035ac000 	/System/Library/Frameworks/Carbon.framework/Versions/A/Frameworks/HIToolbox.framework/Versions/A/HIToolbox
0x00000000035ac000 	/System/Library/Frameworks/QuartzCore.framework/Versions/A/QuartzCore
0x00000000035ac000 	/System/Library/Frameworks/Carbon.framework/Versions/A/Frameworks/SpeechRecognition.framework/Versions/A/SpeechRecognition
0x00000000035ac000 	/usr/lib/libauto.dylib
0x00000000035ac000 	/usr/lib/libicucore.A.dylib
0x00000000035ac000 	/usr/lib/libxml2.2.dylib
0x00000000035ac000 	/System/Library/PrivateFrameworks/CoreUI.framework/Versions/A/CoreUI
0x00000000035ac000 	/System/Library/Frameworks/CoreAudio.framework/Versions/A/CoreAudio
0x00000000035ac000 	/System/Library/Frameworks/DiskArbitration.framework/Versions/A/DiskArbitration
0x00000000035ac000 	/usr/lib/liblangid.dylib
0x00000000035ac000 	/System/Library/PrivateFrameworks/MultitouchSupport.framework/Versions/A/MultitouchSupport
0x00000000035ac000 	/System/Library/Frameworks/IOKit.framework/Versions/A/IOKit
0x00000000035ac000 	/usr/lib/libDiagnosticMessagesClient.dylib
0x00000000035ac000 	/System/Library/Frameworks/CoreServices.framework/Versions/A/CoreServices
0x00000000035ac000 	/System/Library/PrivateFrameworks/PerformanceAnalysis.framework/Versions/A/PerformanceAnalysis
0x00000000035ac000 	/System/Library/PrivateFrameworks/GenerationalStorage.framework/Versions/A/GenerationalStorage
0x00000000035ac000 	/System/Library/Frameworks/OpenGL.framework/Versions/A/OpenGL
0x00000000035ac000 	/System/Library/PrivateFrameworks/Sharing.framework/Versions/A/Sharing
0x00000000035ac000 	/System/Library/Frameworks/CoreGraphics.framework/Versions/A/CoreGraphics
0x00000000035ac000 	/System/Library/Frameworks/CoreText.framework/Versions/A/CoreText
0x00000000035ac000 	/System/Library/Frameworks/ImageIO.framework/Versions/A/ImageIO
0x00000000035ac000 	/usr/lib/libextension.dylib
0x00000000035ac000 	/System/Library/PrivateFrameworks/Backup.framework/Versions/A/Backup
0x00000000035ac000 	/usr/lib/libarchive.2.dylib
0x00000000035ac000 	/System/Library/Frameworks/CFNetwork.framework/Versions/A/CFNetwork
0x00000000035ac000 	/System/Library/Frameworks/SystemConfiguration.framework/Versions/A/SystemConfiguration
0x00000000035ac000 	/usr/lib/libCRFSuite.dylib
0x00000000035ac000 	/usr/lib/libc++.1.dylib
0x00000000035ac000 	/usr/lib/libc++abi.dylib
0x00000000035ac000 	/usr/lib/system/libcache.dylib
0x00000000035ac000 	/usr/lib/system/libcommonCrypto.dylib
0x00000000035ac000 	/usr/lib/system/libcompiler_rt.dylib
0x00000000035ac000 	/usr/lib/system/libcopyfile.dylib
0x00000000035ac000 	/usr/lib/system/libcorecrypto.dylib
0x00000000035ac000 	/usr/lib/system/libdispatch.dylib
0x00000000035ac000 	/usr/lib/system/libdyld.dylib
0x00000000035ac000 	/usr/lib/system/libkeymgr.dylib
0x00000000035ac000 	/usr/lib/system/liblaunch.dylib
0x00000000035ac000 	/usr/lib/system/libmacho.dylib
0x00000000035ac000 	/usr/lib/system/libquarantine.dylib
0x00000000035ac000 	/usr/lib/system/libremovefile.dylib
0x00000000035ac000 	/usr/lib/system/libsystem_asl.dylib
0x00000000035ac000 	/usr/lib/system/libsystem_blocks.dylib
0x00000000035ac000 	/usr/lib/system/libsystem_c.dylib
0x00000000035ac000 	/usr/lib/system/libsystem_configuration.dylib
0x00000000035ac000 	/usr/lib/system/libsystem_coreservices.dylib
0x00000000035ac000 	/usr/lib/system/libsystem_coretls.dylib
0x00000000035ac000 	/usr/lib/system/libsystem_dnssd.dylib
0x00000000035ac000 	/usr/lib/system/libsystem_info.dylib
0x00000000035ac000 	/usr/lib/system/libsystem_kernel.dylib
0x00000000035ac000 	/usr/lib/system/libsystem_m.dylib
0x00000000035ac000 	/usr/lib/system/libsystem_malloc.dylib
0x00000000035ac000 	/usr/lib/system/libsystem_network.dylib
0x00000000035ac000 	/usr/lib/system/libsystem_networkextension.dylib
0x00000000035ac000 	/usr/lib/system/libsystem_notify.dylib
0x00000000035ac000 	/usr/lib/system/libsystem_platform.dylib
0x00000000035ac000 	/usr/lib/system/libsystem_pthread.dylib
0x00000000035ac000 	/usr/lib/system/libsystem_sandbox.dylib
0x00000000035ac000 	/usr/lib/system/libsystem_secinit.dylib
0x00000000035ac000 	/usr/lib/system/libsystem_stats.dylib
0x00000000035ac000 	/usr/lib/system/libsystem_trace.dylib
0x00000000035ac000 	/usr/lib/system/libunc.dylib
0x00000000035ac000 	/usr/lib/system/libunwind.dylib
0x00000000035ac000 	/usr/lib/system/libxpc.dylib
0x00000000035ac000 	/usr/lib/libbz2.1.0.dylib
0x00000000035ac000 	/usr/lib/liblzma.5.dylib
0x00000000035ac000 	/usr/lib/libbsm.0.dylib
0x00000000035ac000 	/usr/lib/libsqlite3.dylib
0x00000000035ac000 	/usr/lib/system/libkxld.dylib
0x00000000035ac000 	/usr/lib/libxar.1.dylib
0x00000000035ac000 	/usr/lib/libpam.2.dylib
0x00000000035ac000 	/usr/lib/libOpenScriptingUtil.dylib
0x00000000035ac000 	/System/Library/Frameworks/CoreServices.framework/Versions/A/Frameworks/FSEvents.framework/Versions/A/FSEvents
0x00000000035ac000 	/System/Library/Frameworks/CoreServices.framework/Versions/A/Frameworks/CarbonCore.framework/Versions/A/CarbonCore
0x00000000035ac000 	/System/Library/Frameworks/CoreServices.framework/Versions/A/Frameworks/Metadata.framework/Versions/A/Metadata
0x00000000035ac000 	/System/Library/Frameworks/CoreServices.framework/Versions/A/Frameworks/OSServices.framework/Versions/A/OSServices
0x00000000035ac000 	/System/Library/Frameworks/CoreServices.framework/Versions/A/Frameworks/SearchKit.framework/Versions/A/SearchKit
0x00000000035ac000 	/System/Library/Frameworks/CoreServices.framework/Versions/A/Frameworks/AE.framework/Versions/A/AE
0x00000000035ac000 	/System/Library/Frameworks/CoreServices.framework/Versions/A/Frameworks/LaunchServices.framework/Versions/A/LaunchServices
0x00000000035ac000 	/System/Library/Frameworks/CoreServices.framework/Versions/A/Frameworks/DictionaryServices.framework/Versions/A/DictionaryServices
0x00000000035ac000 	/System/Library/Frameworks/NetFS.framework/Versions/A/NetFS
0x00000000035ac000 	/System/Library/PrivateFrameworks/NetAuth.framework/Versions/A/NetAuth
0x00000000035ac000 	/System/Library/PrivateFrameworks/login.framework/Versions/A/Frameworks/loginsupport.framework/Versions/A/loginsupport
0x00000000035ac000 	/System/Library/PrivateFrameworks/TCC.framework/Versions/A/TCC
0x00000000035ac000 	/usr/lib/libmecabra.dylib
0x00000000035ac000 	/System/Library/PrivateFrameworks/LanguageModeling.framework/Versions/A/LanguageModeling
0x00000000035ac000 	/usr/lib/libcmph.dylib
0x00000000035ac000 	/usr/lib/libiconv.2.dylib
0x00000000035ac000 	/System/Library/Frameworks/OpenDirectory.framework/Versions/A/Frameworks/CFOpenDirectory.framework/Versions/A/CFOpenDirectory
0x00000000035ac000 	/System/Library/Frameworks/ServiceManagement.framework/Versions/A/ServiceManagement
0x00000000035ac000 	/usr/lib/libxslt.1.dylib
0x00000000035ac000 	/System/Library/Frameworks/Carbon.framework/Versions/A/Frameworks/Ink.framework/Versions/A/Ink
0x00000000035ac000 	/System/Library/Frameworks/ApplicationServices.framework/Versions/A/Frameworks/ATS.framework/Versions/A/ATS
0x00000000035ac000 	/System/Library/Frameworks/ApplicationServices.framework/Versions/A/Frameworks/ColorSync.framework/Versions/A/ColorSync
0x00000000035ac000 	/System/Library/Frameworks/ApplicationServices.framework/Versions/A/Frameworks/HIServices.framework/Versions/A/HIServices
0x00000000035ac000 	/System/Library/Frameworks/ApplicationServices.framework/Versions/A/Frameworks/LangAnalysis.framework/Versions/A/LangAnalysis
0x00000000035ac000 	/System/Library/Frameworks/ApplicationServices.framework/Versions/A/Frameworks/PrintCore.framework/Versions/A/PrintCore
0x00000000035ac000 	/System/Library/Frameworks/ApplicationServices.framework/Versions/A/Frameworks/QD.framework/Versions/A/QD
0x00000000035ac000 	/System/Library/Frameworks/ApplicationServices.framework/Versions/A/Frameworks/SpeechSynthesis.framework/Versions/A/SpeechSynthesis
0x00000000035ac000 	/System/Library/Frameworks/Accelerate.framework/Versions/A/Accelerate
0x00000000035ac000 	/System/Library/Frameworks/Accelerate.framework/Versions/A/Frameworks/vImage.framework/Versions/A/vImage
0x00000000035ac000 	/System/Library/Frameworks/Accelerate.framework/Versions/A/Frameworks/vecLib.framework/Versions/A/vecLib
0x00000000035ac000 	/System/Library/Frameworks/Accelerate.framework/Versions/A/Frameworks/vecLib.framework/Versions/A/libvDSP.dylib
0x00000000035ac000 	/System/Library/Frameworks/Accelerate.framework/Versions/A/Frameworks/vecLib.framework/Versions/A/libvMisc.dylib
0x00000000035ac000 	/System/Library/Frameworks/Accelerate.framework/Versions/A/Frameworks/vecLib.framework/Versions/A/libLAPACK.dylib
0x00000000035ac000 	/System/Library/Frameworks/Accelerate.framework/Versions/A/Frameworks/vecLib.framework/Versions/A/libBLAS.dylib
0x00000000035ac000 	/System/Library/Frameworks/Accelerate.framework/Versions/A/Frameworks/vecLib.framework/Versions/A/libLinearAlgebra.dylib
0x00000000035ac000 	/System/Library/Frameworks/ApplicationServices.framework/Versions/A/Frameworks/ATS.framework/Versions/A/Resources/libFontParser.dylib
0x00000000035ac000 	/System/Library/Frameworks/ApplicationServices.framework/Versions/A/Frameworks/ATS.framework/Versions/A/Resources/libFontRegistry.dylib
0x00000000035ac000 	/System/Library/PrivateFrameworks/AppleVPA.framework/Versions/A/AppleVPA
0x00000000035ac000 	/System/Library/PrivateFrameworks/AppleJPEG.framework/Versions/A/AppleJPEG
0x00000000035ac000 	/System/Library/Frameworks/ImageIO.framework/Versions/A/Resources/libJPEG.dylib
0x00000000035ac000 	/System/Library/Frameworks/ImageIO.framework/Versions/A/Resources/libTIFF.dylib
0x00000000035ac000 	/System/Library/Frameworks/ImageIO.framework/Versions/A/Resources/libPng.dylib
0x00000000035ac000 	/System/Library/Frameworks/ImageIO.framework/Versions/A/Resources/libGIF.dylib
0x00000000035ac000 	/System/Library/Frameworks/ImageIO.framework/Versions/A/Resources/libJP2.dylib
0x00000000035ac000 	/System/Library/Frameworks/ImageIO.framework/Versions/A/Resources/libRadiance.dylib
0x00000000035ac000 	/System/Library/Frameworks/CoreVideo.framework/Versions/A/CoreVideo
0x00000000035ac000 	/System/Library/Frameworks/OpenGL.framework/Versions/A/Libraries/libGLU.dylib
0x00000000035ac000 	/System/Library/Frameworks/OpenGL.framework/Versions/A/Libraries/libGFXShared.dylib
0x00000000035ac000 	/System/Library/Frameworks/OpenGL.framework/Versions/A/Libraries/libGL.dylib
0x00000000035ac000 	/System/Library/Frameworks/OpenGL.framework/Versions/A/Libraries/libGLImage.dylib
0x00000000035ac000 	/System/Library/Frameworks/OpenGL.framework/Versions/A/Libraries/libCVMSPluginSupport.dylib
0x00000000035ac000 	/System/Library/Frameworks/OpenGL.framework/Versions/A/Libraries/libCoreVMClient.dylib
0x00000000035ac000 	/usr/lib/libcups.2.dylib
0x00000000035ac000 	/System/Library/Frameworks/Kerberos.framework/Versions/A/Kerberos
0x00000000035ac000 	/System/Library/Frameworks/GSS.framework/Versions/A/GSS
0x00000000035ac000 	/usr/lib/libresolv.9.dylib
0x00000000035ac000 	/System/Library/PrivateFrameworks/Heimdal.framework/Versions/A/Heimdal
0x00000000035ac000 	/usr/lib/libheimdal-asn1.dylib
0x00000000035ac000 	/System/Library/Frameworks/OpenDirectory.framework/Versions/A/OpenDirectory
0x00000000035ac000 	/System/Library/PrivateFrameworks/CommonAuth.framework/Versions/A/CommonAuth
0x00000000035ac000 	/System/Library/Frameworks/SecurityFoundation.framework/Versions/A/SecurityFoundation
0x00000000035ac000 	/System/Library/Frameworks/QuartzCore.framework/Versions/A/Frameworks/CoreImage.framework/Versions/A/CoreImage
0x00000000035ac000 	/System/Library/PrivateFrameworks/CrashReporterSupport.framework/Versions/A/CrashReporterSupport
0x00000000035ac000 	/System/Library/Frameworks/OpenCL.framework/Versions/A/OpenCL
0x00000000035ac000 	/System/Library/PrivateFrameworks/FaceCore.framework/Versions/A/FaceCore
0x00000000035ac000 	/System/Library/PrivateFrameworks/Ubiquity.framework/Versions/A/Ubiquity
0x00000000035ac000 	/System/Library/PrivateFrameworks/IconServices.framework/Versions/A/IconServices
0x00000000035ac000 	/System/Library/PrivateFrameworks/ChunkingLibrary.framework/Versions/A/ChunkingLibrary
0x00000000035ac000 	/System/Library/PrivateFrameworks/Apple80211.framework/Versions/A/Apple80211
0x00000000035ac000 	/System/Library/Frameworks/CoreWLAN.framework/Versions/A/CoreWLAN
0x00000000035ac000 	/System/Library/Frameworks/IOBluetooth.framework/Versions/A/IOBluetooth
0x00000000035ac000 	/System/Library/PrivateFrameworks/CoreWiFi.framework/Versions/A/CoreWiFi
0x00000000035ac000 	/System/Library/Frameworks/CoreBluetooth.framework/Versions/A/CoreBluetooth
0x00000000035ac000 	/System/Library/PrivateFrameworks/DebugSymbols.framework/Versions/A/DebugSymbols
0x00000000035ac000 	/System/Library/PrivateFrameworks/CoreSymbolication.framework/Versions/A/CoreSymbolication
0x00000000035ac000 	/System/Library/PrivateFrameworks/Symbolication.framework/Versions/A/Symbolication
0x00000000035ac000 	/System/Library/PrivateFrameworks/SpeechRecognitionCore.framework/Versions/A/SpeechRecognitionCore
0x0000000101bdd000 	/Library/Java/JavaVirtualMachines/jdk1.8.0_11.jdk/Contents/Home/jre/lib/server/libjvm.dylib
0x00000000035ac000 	/usr/lib/libstdc++.6.dylib
0x0000000102bb8000 	/Library/Java/JavaVirtualMachines/jdk1.8.0_11.jdk/Contents/Home/jre/lib/libverify.dylib
0x0000000102bc6000 	/Library/Java/JavaVirtualMachines/jdk1.8.0_11.jdk/Contents/Home/jre/lib/libjava.dylib
0x0000000103408000 	/Library/Java/JavaVirtualMachines/jdk1.8.0_11.jdk/Contents/Home/jre/lib/libzip.dylib
0x000000011945d000 	/System/Library/Frameworks/JavaVM.framework/Frameworks/JavaRuntimeSupport.framework/JavaRuntimeSupport
0x0000000119473000 	/System/Library/Frameworks/JavaVM.framework/Versions/A/Frameworks/JavaNativeFoundation.framework/Versions/A/JavaNativeFoundation
0x0000000119487000 	/System/Library/Frameworks/JavaVM.framework/Versions/A/JavaVM
0x00000000035ac000 	/System/Library/Frameworks/Carbon.framework/Versions/A/Carbon
0x0000000119493000 	/System/Library/PrivateFrameworks/JavaLaunching.framework/Versions/A/JavaLaunching
0x00000000035ac000 	/System/Library/Frameworks/Carbon.framework/Versions/A/Frameworks/CommonPanels.framework/Versions/A/CommonPanels
0x00000000035ac000 	/System/Library/Frameworks/Carbon.framework/Versions/A/Frameworks/Help.framework/Versions/A/Help
0x00000000035ac000 	/System/Library/Frameworks/Carbon.framework/Versions/A/Frameworks/ImageCapture.framework/Versions/A/ImageCapture
0x00000000035ac000 	/System/Library/Frameworks/Carbon.framework/Versions/A/Frameworks/OpenScripting.framework/Versions/A/OpenScripting
0x00000000035ac000 	/System/Library/Frameworks/Carbon.framework/Versions/A/Frameworks/Print.framework/Versions/A/Print
0x00000000035ac000 	/System/Library/Frameworks/Carbon.framework/Versions/A/Frameworks/SecurityHI.framework/Versions/A/SecurityHI
0x000000011b459000 	/Library/Java/JavaVirtualMachines/jdk1.8.0_11.jdk/Contents/Home/jre/lib/libprism_es2.dylib
0x00000000035ac000 	/System/Library/Frameworks/OpenGL.framework/Versions/A/Resources/GLEngine.bundle/GLEngine
0x00000000035ac000 	/System/Library/Frameworks/OpenGL.framework/Versions/A/Libraries/libGLProgrammability.dylib
0x0000000000000000 	/System/Library/Extensions/AppleIntelHD3000GraphicsGLDriver.bundle/Contents/MacOS/AppleIntelHD3000GraphicsGLDriver
0x000000011b4d6000 	/System/Library/PrivateFrameworks/GPUSupport.framework/Versions/A/Libraries/libGPUSupport.dylib
0x00000000035ac000 	/System/Library/Frameworks/OpenGL.framework/Versions/A/Resources/GLRendererFloat.bundle/GLRendererFloat
0x00000000035ac000 	/System/Library/Frameworks/OpenCL.framework/Versions/A/Libraries/libcldcpuengine.dylib
0x00000000035ac000 	/System/Library/PrivateFrameworks/DiskImages.framework/Versions/A/DiskImages
0x00000000035ac000 	/System/Library/Frameworks/DiscRecording.framework/Versions/A/DiscRecording
0x00000000035ac000 	/usr/lib/libcsfde.dylib
0x00000000035ac000 	/usr/lib/libcurl.4.dylib
0x00000000035ac000 	/System/Library/PrivateFrameworks/MediaKit.framework/Versions/A/MediaKit
0x00000000035ac000 	/System/Library/PrivateFrameworks/ProtectedCloudStorage.framework/Versions/A/ProtectedCloudStorage
0x00000000035ac000 	/usr/lib/libCoreStorage.dylib
0x00000000035ac000 	/System/Library/PrivateFrameworks/EFILogin.framework/Versions/A/EFILogin
0x00000000035ac000 	/usr/lib/libutil.dylib
0x00000000035ac000 	/System/Library/PrivateFrameworks/FindMyDevice.framework/Versions/A/FindMyDevice
0x00000000035ac000 	/System/Library/Frameworks/LDAP.framework/Versions/A/LDAP
0x00000000035ac000 	/usr/lib/libsasl2.2.dylib
0x00000000035ac000 	/System/Library/PrivateFrameworks/CoreDaemon.framework/Versions/B/CoreDaemon
0x00000000035ac000 	/usr/lib/libcrypto.0.9.8.dylib
0x00000000035ac000 	/System/Library/PrivateFrameworks/AppleSRP.framework/Versions/A/AppleSRP
0x00000000035ac000 	/System/Library/PrivateFrameworks/TrustEvaluationAgent.framework/Versions/A/TrustEvaluationAgent
0x000000011b6cb000 	/Library/Java/JavaVirtualMachines/jdk1.8.0_11.jdk/Contents/Home/jre/lib/libglass.dylib
0x00000000035ac000 	/System/Library/PrivateFrameworks/CoreServicesInternal.framework/Versions/A/CoreServicesInternal
0x00000000035ac000 	/System/Library/PrivateFrameworks/CloudDocs.framework/Versions/A/CloudDocs
0x00000000035ac000 	/System/Library/PrivateFrameworks/CoreDuet.framework/Versions/A/CoreDuet
0x00000000035ac000 	/System/Library/Frameworks/CloudKit.framework/Versions/A/CloudKit
0x00000000035ac000 	/System/Library/PrivateFrameworks/ProtocolBuffer.framework/Versions/A/ProtocolBuffer
0x00000000035ac000 	/System/Library/PrivateFrameworks/CoreDuetDaemonProtocol.framework/Versions/A/CoreDuetDaemonProtocol
0x00000000035ac000 	/System/Library/PrivateFrameworks/CoreDuetDebugLogging.framework/Versions/A/CoreDuetDebugLogging
0x00000000035ac000 	/System/Library/Frameworks/CoreLocation.framework/Versions/A/CoreLocation
0x00000000035ac000 	/System/Library/Frameworks/Accounts.framework/Versions/A/Accounts
0x00000000035ac000 	/System/Library/PrivateFrameworks/ApplePushService.framework/Versions/A/ApplePushService
0x00000000035ac000 	/System/Library/PrivateFrameworks/GeoServices.framework/Versions/A/GeoServices
0x00000000035ac000 	/System/Library/PrivateFrameworks/OAuth.framework/Versions/A/OAuth
0x00000000035ac000 	/System/Library/Frameworks/CoreGraphics.framework/Versions/A/Resources/libCGCMS.A.dylib
0x00000000035ac000 	/System/Library/CoreServices/RawCamera.bundle/Contents/MacOS/RawCamera
0x000000011cc87000 	/System/Library/Frameworks/CoreGraphics.framework/Versions/A/Resources/libRIP.A.dylib
0x00000000035ac000 	/System/Library/PrivateFrameworks/FamilyControls.framework/Versions/A/FamilyControls
0x00000000035ac000 	/System/Library/PrivateFrameworks/CommerceKit.framework/Versions/A/Frameworks/CommerceCore.framework/Versions/A/CommerceCore
0x00000000035ac000 	/System/Library/PrivateFrameworks/SystemAdministration.framework/Versions/A/SystemAdministration
0x00000000035ac000 	/System/Library/PrivateFrameworks/AppContainer.framework/Versions/A/AppContainer
0x00000000035ac000 	/System/Library/PrivateFrameworks/SecCodeWrapper.framework/Versions/A/SecCodeWrapper
0x00000000035ac000 	/System/Library/Frameworks/DirectoryService.framework/Versions/A/DirectoryService
0x00000000035ac000 	/System/Library/PrivateFrameworks/LoginUIKit.framework/Versions/A/Frameworks/LoginUICore.framework/Versions/A/LoginUICore
0x00000000035ac000 	/usr/lib/libodfde.dylib
0x00000000035ac000 	/System/Library/Frameworks/CoreGraphics.framework/Versions/A/Resources/libCGXType.A.dylib
0x000000011cb81000 	cl_kernels
0x000000011fd58000 	/System/Library/Frameworks/OpenCL.framework/Versions/A/Libraries/ImageFormats/unorm8_bgra.dylib
0x000000011ceb6000 	cl_kernels

VM Arguments:
jvm_args: -Dfile.encoding=UTF-8 
java_command: /Users/spacemunky/Documents/School/CS 3250/Projects/Calculator/dist/run1299443025/Calculator.jar
java_class_path (initial): /Users/spacemunky/Documents/School/CS 3250/Projects/Calculator/dist/run1299443025/Calculator.jar
Launcher Type: SUN_STANDARD

Environment Variables:
PATH=/usr/bin:/bin:/usr/sbin:/sbin
LD_LIBRARY_PATH=/Library/Java/JavaVirtualMachines/jdk1.8.0_11.jdk/Contents/Home/jre/lib/amd64:/Library/Java/JavaVirtualMachines/jdk1.8.0_11.jdk/Contents/Home/jre/lib/i386:
SHELL=/bin/bash
DISPLAY=/private/tmp/com.apple.launchd.lt9pP7cUam/org.macosforge.xquartz:0
DYLD_LIBRARY_PATH=/Applications/NetBeans/NetBeans 8.0.app/Contents/Resources/NetBeans/webcommon/bin:

Signal Handlers:
SIGSEGV: [libjvm.dylib+0x56059b], sa_mask[0]=0xfffefeff, sa_flags=0x00000043
SIGBUS: [libjvm.dylib+0x56059b], sa_mask[0]=0xfffefeff, sa_flags=0x00000042
SIGFPE: [libjvm.dylib+0x4438f2], sa_mask[0]=0xfffefeff, sa_flags=0x00000042
SIGPIPE: [libjvm.dylib+0x4438f2], sa_mask[0]=0xfffefeff, sa_flags=0x00000042
SIGXFSZ: [libjvm.dylib+0x4438f2], sa_mask[0]=0xfffefeff, sa_flags=0x00000042
SIGILL: [libjvm.dylib+0x4438f2], sa_mask[0]=0xfffefeff, sa_flags=0x00000042
SIGUSR1: SIG_DFL, sa_mask[0]=0x00000000, sa_flags=0x00000000
SIGUSR2: [libjvm.dylib+0x443410], sa_mask[0]=0x00000004, sa_flags=0x00000042
SIGHUP: [libjvm.dylib+0x44179b], sa_mask[0]=0xfffefeff, sa_flags=0x00000042
SIGINT: SIG_IGN, sa_mask[0]=0x00000000, sa_flags=0x00000000
SIGTERM: [libjvm.dylib+0x44179b], sa_mask[0]=0xfffefeff, sa_flags=0x00000042
SIGQUIT: [libjvm.dylib+0x44179b], sa_mask[0]=0xfffefeff, sa_flags=0x00000042


---------------  S Y S T E M  ---------------

OS:Bsduname:Darwin 14.0.0 Darwin Kernel Version 14.0.0: Fri Sep 19 00:26:44 PDT 2014; root:xnu-2782.1.97~2/RELEASE_X86_64 x86_64
rlimit: STACK 8192k, CORE 0k, NPROC 709, NOFILE 10240, AS infinity
load average:1.41 1.49 1.74

CPU:total 4 (2 cores per cpu, 2 threads per core) family 6 model 42 stepping 7, cmov, cx8, fxsr, mmx, sse, sse2, sse3, ssse3, sse4.1, sse4.2, popcnt, avx, aes, clmul, ht, tsc, tscinvbit

Memory: 4k page, physical 8388608k(354868k free)

/proc/meminfo:


vm_info: Java HotSpot(TM) 64-Bit Server VM (25.11-b03) for bsd-amd64 JRE (1.8.0_11-b12), built on Jun 16 2014 17:39:42 by "java_re" with gcc 4.2.1 (Based on Apple Inc. build 5658) (LLVM build 2336.11.00)

time: Mon Dec  1 21:33:25 2014
elapsed time: 0 seconds

