#
# A fatal error has been detected by the Java Runtime Environment:
#
#  SIGSEGV (0xb) at pc=0x0000000124d57153, pid=22713, tid=1811
#
# JRE version: Java(TM) SE Runtime Environment (8.0_11-b12) (build 1.8.0_11-b12)
# Java VM: Java HotSpot(TM) 64-Bit Server VM (25.11-b03 mixed mode bsd-amd64 compressed oops)
# Problematic frame:
# C  [libglass.dylib+0x1b153]  GlassScreenDidChangeScreenParameters+0x53
#
# Failed to write core dump. Core dumps have been disabled. To enable core dumping, try "ulimit -c unlimited" before starting Java again
#
# If you would like to submit a bug report, please visit:
#   http://bugreport.sun.com/bugreport/crash.jsp
#

---------------  T H R E A D  ---------------

Current thread is native thread

siginfo:si_signo=SIGSEGV: si_errno=0, si_code=1 (SEGV_MAPERR), si_addr=0x0000000000000000

Registers:
RAX=0x00007facf9dd6d88, RBX=0x0000000000000000, RCX=0x0000000124d89910, RDX=0x00007fff7387e1f8
RSP=0x00007fff54e3ef70, RBP=0x00007fff54e3ef80, RSI=0x00007facf9e1eed0, RDI=0x0000000000000000
R8 =0x00007fff54e3ee20, R9 =0x00007fff74837300, R10=0x0000000000000000, R11=0x0000000000000246
R12=0x00007facf9e28450, R13=0x00000000000f4268, R14=0x00007facf9c20050, R15=0x00007fff54e3f0c0
RIP=0x0000000124d57153, EFLAGS=0x0000000000010206, ERR=0x0000000000000004
  TRAPNO=0x000000000000000e

Top of Stack: (sp=0x00007fff54e3ef70)
0x00007fff54e3ef70:   00007fff54e3ef80 00007fff54e3f150
0x00007fff54e3ef80:   00007fff54e3ef90 00007fff862f0cbc
0x00007fff54e3ef90:   00007fff54e3f2f0 00007fff861e21b4
0x00007fff54e3efa0:   00007facfc3c71c0 0000000000000a00
0x00007fff54e3efb0:   000000010add8000 00007facfc7fc080
0x00007fff54e3efc0:   0000000000001001 0000000000000900
0x00007fff54e3efd0:   0000000000000004 00007facf9c20050
0x00007fff54e3efe0:   0000000000000000 00007fff54e3f0c0
0x00007fff54e3eff0:   0000000000000000 00007facf9c21fe0
0x00007fff54e3f000:   00007fff54e3f140 0000000000000060
0x00007fff54e3f010:   00000000000f430f 00007facf9c27960
0x00007fff54e3f020:   00007facf9e7ff10 00007facf9e28450
0x00007fff54e3f030:   0000000000000001 00000000000f4268
0x00007fff54e3f040:   00007facf9e28440 00007fff8d4f8acb
0x00007fff54e3f050:   0000000000000001 0000000000000001
0x00007fff54e3f060:   0000000000000030 0000000000000001
0x00007fff54e3f070:   00007fff54e3f090 00007fff8d4fe231
0x00007fff54e3f080:   00007fff73a8edd0 0000000000000000
0x00007fff54e3f090:   00007fff54e3f0b0 000000000000001f
0x00007fff54e3f0a0:   00014a0300000000 00007facf9e28474
0x00007fff54e3f0b0:   0000000000000000 00007fff861d7c8f
0x00007fff54e3f0c0:   00007facf9c20050 00007fff73a8edd0
0x00007fff54e3f0d0:   00007fff54e3f150 00007fff861e07bf
0x00007fff54e3f0e0:   00007fff54e3f154 0000000000438501
0x00007fff54e3f0f0:   000000010addba00 0000000000000002
0x00007fff54e3f100:   000000010add8000 00007facf9c27942
0x00007fff54e3f110:   0000000000000003 000000010addc400
0x00007fff54e3f120:   00007fff54e3f210 00007fff8d4f72a2
0x00007fff54e3f130:   00007facf9e7faa0 00007fff54e3f2f8
0x00007fff54e3f140:   0000000000000017 0000000000000000
0x00007fff54e3f150:   00000000000f4268 00007fff861d7f83
0x00007fff54e3f160:   00007fff00000000 00007facf9e85130 

Instructions: (pc=0x0000000124d57153)
0x0000000124d57133:   51 01 00 48 89 df ff 90 88 03 00 00 48 8d 0d c2
0x0000000124d57143:   28 03 00 48 89 01 48 8d 0d c0 27 03 00 48 8b 31
0x0000000124d57153:   48 8b 0b 48 89 df 48 89 c2 30 c0 ff 91 68 04 00
0x0000000124d57163:   00 48 83 c4 08 5b 5d c3 0f 1f 44 00 00 55 48 89 

Register to memory mapping:

RAX=0x00007facf9dd6d88 is an unknown value
RBX=0x0000000000000000 is an unknown value
RCX=0x0000000124d89910: jScreenClass+0 in /Library/Java/JavaVirtualMachines/jdk1.8.0_11.jdk/Contents/Home/jre/lib/libglass.dylib at 0x0000000124d3c000
RDX=0x00007fff7387e1f8: __sFX+0x1c8 in /usr/lib/system/libsystem_c.dylib at 0x00007fff84f12000
RSP=0x00007fff54e3ef70 is an unknown value
RBP=0x00007fff54e3ef80 is an unknown value
RSI=0x00007facf9e1eed0 is a global jni handle
RDI=0x0000000000000000 is an unknown value
R8 =0x00007fff54e3ee20 is an unknown value
R9 =0x00007fff74837300: _thread+0 in /usr/lib/system/libsystem_pthread.dylib at 0x00007fff8c0ec000
R10=0x0000000000000000 is an unknown value
R11=0x0000000000000246 is an unknown value
R12=0x00007facf9e28450 is an unknown value
R13=0x00000000000f4268 is an unknown value
R14=0x00007facf9c20050 is an unknown value
R15=0x00007fff54e3f0c0 is an unknown value


Stack: [0x00007fff54642000,0x00007fff54e42000],  sp=0x00007fff54e3ef70,  free space=8179k
Native frames: (J=compiled Java code, j=interpreted, Vv=VM code, C=native code)
C  [libglass.dylib+0x1b153]  GlassScreenDidChangeScreenParameters+0x53
C  [CoreFoundation+0x11ecbc]  __CFNOTIFICATIONCENTER_IS_CALLING_OUT_TO_AN_OBSERVER__+0xc
C  [CoreFoundation+0x101b4]  _CFXNotificationPost+0xc44
C  [Foundation+0x2ea1]  -[NSNotificationCenter postNotificationName:object:userInfo:]+0x42
C  [AppKit+0x362dee]  -[NSApplication _reactToScreenInvalidationImmediately:]+0x17b
C  [AppKit+0x362c2d]  __44-[NSApplication _reactToScreenInvalidation:]_block_invoke+0x4b
C  [CoreFoundation+0x8054c]  __CFRUNLOOP_IS_CALLING_OUT_TO_A_BLOCK__+0xc
C  [CoreFoundation+0x72655]  __CFRunLoopDoBlocks+0x155
C  [CoreFoundation+0x72196]  __CFRunLoopRun+0x716
C  [CoreFoundation+0x71838]  CFRunLoopRunSpecific+0x128
C  [java+0x56cb]  CreateExecutionEnvironment+0x367
C  [java+0x166c]  JLI_Launch+0x7a0
C  [java+0x7689]  main+0x65
C  [java+0xec4]  start+0x34


---------------  P R O C E S S  ---------------

VM state:at safepoint (normal execution)

VM Mutex/Monitor currently owned by a thread:  ([mutex/lock_event])
[0x00007facf9f01250] Threads_lock - owner thread: 0x00007facfa010000
[0x00007facf9f01750] Heap_lock - owner thread: 0x00007facfb907800

Heap:
 PSYoungGen      total 9728K, used 8138K [0x0000000795580000, 0x0000000796080000, 0x00000007c0000000)
  eden space 8192K, 84% used [0x0000000795580000,0x0000000795c3aa20,0x0000000795d80000)
  from space 1536K, 81% used [0x0000000795f00000,0x0000000796038010,0x0000000796080000)
  to   space 1536K, 0% used [0x0000000795d80000,0x0000000795d80000,0x0000000795f00000)
 ParOldGen       total 129536K, used 1415K [0x0000000740000000, 0x0000000747e80000, 0x0000000795580000)
  object space 129536K, 1% used [0x0000000740000000,0x0000000740161c88,0x0000000747e80000)
 Metaspace       used 10834K, capacity 11312K, committed 11648K, reserved 1058816K
  class space    used 1506K, capacity 1560K, committed 1664K, reserved 1048576K

Card table byte_map: [0x000000011bb84000,0x000000011bf85000] byte_map_base: 0x0000000118184000

Marking Bits: (ParMarkBitMap*) 0x000000010c0670a0
 Begin Bits: [0x000000011c63c000, 0x000000011e63c000)
 End Bits:   [0x000000011e63c000, 0x000000012063c000)

Polling page: 0x000000010af47000

CodeCache: size=245760Kb used=3193Kb max_used=3193Kb free=242566Kb
 bounds [0x000000010c7c4000, 0x000000010caf4000, 0x000000011b7c4000]
 total_blobs=1401 nmethods=853 adapters=471
 compilation: enabled

Compilation events (10 events):
Event: 3.889 Thread 0x00007facfa850800  849       3       com.sun.javafx.font.CompositeStrike::getStrikeSlot (165 bytes)
Event: 3.890 Thread 0x00007facfa850800 nmethod 849 0x000000010cadb750 code [0x000000010cadb9a0, 0x000000010cadc808]
Event: 3.890 Thread 0x00007facfa850800  851       3       com.sun.javafx.geom.transform.GeneralTransform3D::mul (800 bytes)
Event: 3.892 Thread 0x00007facfa850800 nmethod 851 0x000000010cadced0 code [0x000000010cadd180, 0x000000010cade668]
Event: 3.892 Thread 0x00007facfa850800  850       1       com.sun.javafx.font.PrismFontStrike::getAAMode (5 bytes)
Event: 3.892 Thread 0x00007facfa850800 nmethod 850 0x000000010cae0990 code [0x000000010cae0ae0, 0x000000010cae0bf0]
Event: 4.250 Thread 0x00007facfa850800  852  s!   3       com.sun.javafx.tk.Toolkit::getToolkit (191 bytes)
Event: 4.252 Thread 0x00007facfa850800 nmethod 852 0x000000010cae0c50 code [0x000000010cae1020, 0x000000010cae3058]
Event: 4.252 Thread 0x00007facfa850800  853       1       java.util.concurrent.locks.AbstractOwnableSynchronizer::getExclusiveOwnerThread (5 bytes)
Event: 4.252 Thread 0x00007facfa850800 nmethod 853 0x000000010cae42d0 code [0x000000010cae4420, 0x000000010cae4530]

GC Heap History (10 events):
Event: 0.255 GC heap before
{Heap before GC invocations=4 (full 0):
 PSYoungGen      total 1536K, used 1520K [0x0000000795580000, 0x0000000795880000, 0x00000007c0000000)
  eden space 1024K, 100% used [0x0000000795580000,0x0000000795680000,0x0000000795680000)
  from space 512K, 96% used [0x0000000795680000,0x00000007956fc010,0x0000000795700000)
  to   space 512K, 0% used [0x0000000795800000,0x0000000795800000,0x0000000795880000)
 ParOldGen       total 129536K, used 183K [0x0000000740000000, 0x0000000747e80000, 0x0000000795580000)
  object space 129536K, 0% used [0x0000000740000000,0x000000074002dc28,0x0000000747e80000)
 Metaspace       used 4142K, capacity 5466K, committed 5760K, reserved 1056768K
  class space    used 453K, capacity 522K, committed 640K, reserved 1048576K
Event: 0.256 GC heap after
Heap after GC invocations=4 (full 0):
 PSYoungGen      total 2560K, used 496K [0x0000000795580000, 0x0000000795880000, 0x00000007c0000000)
  eden space 2048K, 0% used [0x0000000795580000,0x0000000795580000,0x0000000795780000)
  from space 512K, 96% used [0x0000000795800000,0x000000079587c010,0x0000000795880000)
  to   space 512K, 0% used [0x0000000795780000,0x0000000795780000,0x0000000795800000)
 ParOldGen       total 129536K, used 247K [0x0000000740000000, 0x0000000747e80000, 0x0000000795580000)
  object space 129536K, 0% used [0x0000000740000000,0x000000074003dc28,0x0000000747e80000)
 Metaspace       used 4142K, capacity 5466K, committed 5760K, reserved 1056768K
  class space    used 453K, capacity 522K, committed 640K, reserved 1048576K
}
Event: 0.411 GC heap before
{Heap before GC invocations=5 (full 0):
 PSYoungGen      total 2560K, used 2529K [0x0000000795580000, 0x0000000795880000, 0x00000007c0000000)
  eden space 2048K, 99% used [0x0000000795580000,0x000000079577c470,0x0000000795780000)
  from space 512K, 96% used [0x0000000795800000,0x000000079587c010,0x0000000795880000)
  to   space 512K, 0% used [0x0000000795780000,0x0000000795780000,0x0000000795800000)
 ParOldGen       total 129536K, used 247K [0x0000000740000000, 0x0000000747e80000, 0x0000000795580000)
  object space 129536K, 0% used [0x0000000740000000,0x000000074003dc28,0x0000000747e80000)
 Metaspace       used 4933K, capacity 6170K, committed 6272K, reserved 1056768K
  class space    used 528K, capacity 586K, committed 640K, reserved 1048576K
Event: 0.412 GC heap after
Heap after GC invocations=5 (full 0):
 PSYoungGen      total 2560K, used 480K [0x0000000795580000, 0x0000000795b80000, 0x00000007c0000000)
  eden space 2048K, 0% used [0x0000000795580000,0x0000000795580000,0x0000000795780000)
  from space 512K, 93% used [0x0000000795780000,0x00000007957f8010,0x0000000795800000)
  to   space 1024K, 0% used [0x0000000795a80000,0x0000000795a80000,0x0000000795b80000)
 ParOldGen       total 129536K, used 855K [0x0000000740000000, 0x0000000747e80000, 0x0000000795580000)
  object space 129536K, 0% used [0x0000000740000000,0x00000007400d5c38,0x0000000747e80000)
 Metaspace       used 4933K, capacity 6170K, committed 6272K, reserved 1056768K
  class space    used 528K, capacity 586K, committed 640K, reserved 1048576K
}
Event: 0.498 GC heap before
{Heap before GC invocations=6 (full 0):
 PSYoungGen      total 2560K, used 2528K [0x0000000795580000, 0x0000000795b80000, 0x00000007c0000000)
  eden space 2048K, 100% used [0x0000000795580000,0x0000000795780000,0x0000000795780000)
  from space 512K, 93% used [0x0000000795780000,0x00000007957f8010,0x0000000795800000)
  to   space 1024K, 0% used [0x0000000795a80000,0x0000000795a80000,0x0000000795b80000)
 ParOldGen       total 129536K, used 855K [0x0000000740000000, 0x0000000747e80000, 0x0000000795580000)
  object space 129536K, 0% used [0x0000000740000000,0x00000007400d5c38,0x0000000747e80000)
 Metaspace       used 5899K, capacity 7070K, committed 7296K, reserved 1056768K
  class space    used 726K, capacity 778K, committed 896K, reserved 1048576K
Event: 0.502 GC heap after
Heap after GC invocations=6 (full 0):
 PSYoungGen      total 5120K, used 672K [0x0000000795580000, 0x0000000795b80000, 0x00000007c0000000)
  eden space 4096K, 0% used [0x0000000795580000,0x0000000795580000,0x0000000795980000)
  from space 1024K, 65% used [0x0000000795a80000,0x0000000795b28030,0x0000000795b80000)
  to   space 1024K, 0% used [0x0000000795980000,0x0000000795980000,0x0000000795a80000)
 ParOldGen       total 129536K, used 863K [0x0000000740000000, 0x0000000747e80000, 0x0000000795580000)
  object space 129536K, 0% used [0x0000000740000000,0x00000007400d7c38,0x0000000747e80000)
 Metaspace       used 5899K, capacity 7070K, committed 7296K, reserved 1056768K
  class space    used 726K, capacity 778K, committed 896K, reserved 1048576K
}
Event: 0.764 GC heap before
{Heap before GC invocations=7 (full 0):
 PSYoungGen      total 5120K, used 4768K [0x0000000795580000, 0x0000000795b80000, 0x00000007c0000000)
  eden space 4096K, 100% used [0x0000000795580000,0x0000000795980000,0x0000000795980000)
  from space 1024K, 65% used [0x0000000795a80000,0x0000000795b28030,0x0000000795b80000)
  to   space 1024K, 0% used [0x0000000795980000,0x0000000795980000,0x0000000795a80000)
 ParOldGen       total 129536K, used 863K [0x0000000740000000, 0x0000000747e80000, 0x0000000795580000)
  object space 129536K, 0% used [0x0000000740000000,0x00000007400d7c38,0x0000000747e80000)
 Metaspace       used 7204K, capacity 8296K, committed 8448K, reserved 1056768K
  class space    used 927K, capacity 976K, committed 1024K, reserved 1048576K
Event: 0.771 GC heap after
Heap after GC invocations=7 (full 0):
 PSYoungGen      total 5120K, used 992K [0x0000000795580000, 0x0000000796080000, 0x00000007c0000000)
  eden space 4096K, 0% used [0x0000000795580000,0x0000000795580000,0x0000000795980000)
  from space 1024K, 96% used [0x0000000795980000,0x0000000795a78010,0x0000000795a80000)
  to   space 1536K, 0% used [0x0000000795f00000,0x0000000795f00000,0x0000000796080000)
 ParOldGen       total 129536K, used 1335K [0x0000000740000000, 0x0000000747e80000, 0x0000000795580000)
  object space 129536K, 1% used [0x0000000740000000,0x000000074014dc88,0x0000000747e80000)
 Metaspace       used 7204K, capacity 8296K, committed 8448K, reserved 1056768K
  class space    used 927K, capacity 976K, committed 1024K, reserved 1048576K
}
Event: 1.026 GC heap before
{Heap before GC invocations=8 (full 0):
 PSYoungGen      total 5120K, used 5088K [0x0000000795580000, 0x0000000796080000, 0x00000007c0000000)
  eden space 4096K, 100% used [0x0000000795580000,0x0000000795980000,0x0000000795980000)
  from space 1024K, 96% used [0x0000000795980000,0x0000000795a78010,0x0000000795a80000)
  to   space 1536K, 0% used [0x0000000795f00000,0x0000000795f00000,0x0000000796080000)
 ParOldGen       total 129536K, used 1335K [0x0000000740000000, 0x0000000747e80000, 0x0000000795580000)
  object space 129536K, 1% used [0x0000000740000000,0x000000074014dc88,0x0000000747e80000)
 Metaspace       used 9028K, capacity 9904K, committed 10112K, reserved 1058816K
  class space    used 1237K, capacity 1304K, committed 1408K, reserved 1048576K
Event: 1.030 GC heap after
Heap after GC invocations=8 (full 0):
 PSYoungGen      total 9728K, used 1248K [0x0000000795580000, 0x0000000796080000, 0x00000007c0000000)
  eden space 8192K, 0% used [0x0000000795580000,0x0000000795580000,0x0000000795d80000)
  from space 1536K, 81% used [0x0000000795f00000,0x0000000796038010,0x0000000796080000)
  to   space 1536K, 0% used [0x0000000795d80000,0x0000000795d80000,0x0000000795f00000)
 ParOldGen       total 129536K, used 1415K [0x0000000740000000, 0x0000000747e80000, 0x0000000795580000)
  object space 129536K, 1% used [0x0000000740000000,0x0000000740161c88,0x0000000747e80000)
 Metaspace       used 9028K, capacity 9904K, committed 10112K, reserved 1058816K
  class space    used 1237K, capacity 1304K, committed 1408K, reserved 1048576K
}

Deoptimization events (10 events):
Event: 0.956 Thread 0x00007facfa0a3000 Uncommon trap: reason=unreached action=reinterpret pc=0x000000010c990728 method=java.util.HashMap.hash(Ljava/lang/Object;)I @ 1
Event: 0.978 Thread 0x00007facfa0a3000 Uncommon trap: reason=class_check action=maybe_recompile pc=0x000000010c98c930 method=java.io.DataInputStream.readShort()S @ 4
Event: 0.978 Thread 0x00007facfa0a3000 Uncommon trap: reason=class_check action=maybe_recompile pc=0x000000010c98c930 method=java.io.DataInputStream.readShort()S @ 4
Event: 0.980 Thread 0x00007facfa0a3000 Uncommon trap: reason=class_check action=maybe_recompile pc=0x000000010c98c930 method=java.io.DataInputStream.readShort()S @ 4
Event: 0.980 Thread 0x00007facfa0a3000 Uncommon trap: reason=class_check action=maybe_recompile pc=0x000000010c98c930 method=java.io.DataInputStream.readShort()S @ 4
Event: 0.990 Thread 0x00007facfa0a3000 Uncommon trap: reason=class_check action=maybe_recompile pc=0x000000010c8ead94 method=java.lang.String.equals(Ljava/lang/Object;)Z @ 8
Event: 0.990 Thread 0x00007facfa0a3000 Uncommon trap: reason=class_check action=maybe_recompile pc=0x000000010c8ead94 method=java.lang.String.equals(Ljava/lang/Object;)Z @ 8
Event: 1.242 Thread 0x00007facfa0a3000 Uncommon trap: reason=unloaded action=reinterpret pc=0x000000010c983064 method=java.lang.CharacterData.of(I)Ljava/lang/CharacterData; @ 96
Event: 1.305 Thread 0x00007facfa0a3000 Uncommon trap: reason=class_check action=maybe_recompile pc=0x000000010c8ead94 method=java.lang.String.equals(Ljava/lang/Object;)Z @ 8
Event: 1.305 Thread 0x00007facfa0a3000 Uncommon trap: reason=class_check action=maybe_recompile pc=0x000000010c8ead94 method=java.lang.String.equals(Ljava/lang/Object;)Z @ 8

Internal exceptions (10 events):
Event: 0.659 Thread 0x00007facfa0a3000 Exception <a 'java/security/PrivilegedActionException'> (0x00000007958f3f78) thrown at [/HUDSON3/workspace/8-2-build-macosx-x86_64/jdk8u11/648/hotspot/src/share/vm/prims/jvm.cpp, line 1248]
Event: 0.660 Thread 0x00007facfa0a3000 Exception <a 'java/security/PrivilegedActionException'> (0x00000007958f7aa8) thrown at [/HUDSON3/workspace/8-2-build-macosx-x86_64/jdk8u11/648/hotspot/src/share/vm/prims/jvm.cpp, line 1248]
Event: 0.661 Thread 0x00007facfa0a3000 Exception <a 'java/security/PrivilegedActionException'> (0x00000007958fb768) thrown at [/HUDSON3/workspace/8-2-build-macosx-x86_64/jdk8u11/648/hotspot/src/share/vm/prims/jvm.cpp, line 1248]
Event: 0.661 Thread 0x00007facfa0a3000 Exception <a 'java/security/PrivilegedActionException'> (0x00000007958ff298) thrown at [/HUDSON3/workspace/8-2-build-macosx-x86_64/jdk8u11/648/hotspot/src/share/vm/prims/jvm.cpp, line 1248]
Event: 0.662 Thread 0x00007facfa0a3000 Exception <a 'java/security/PrivilegedActionException'> (0x0000000795902c88) thrown at [/HUDSON3/workspace/8-2-build-macosx-x86_64/jdk8u11/648/hotspot/src/share/vm/prims/jvm.cpp, line 1248]
Event: 0.663 Thread 0x00007facfa0a3000 Exception <a 'java/security/PrivilegedActionException'> (0x00000007959065d8) thrown at [/HUDSON3/workspace/8-2-build-macosx-x86_64/jdk8u11/648/hotspot/src/share/vm/prims/jvm.cpp, line 1248]
Event: 0.828 Thread 0x00007facfa0a3000 Exception <a 'java/security/PrivilegedActionException'> (0x00000007956a4fb8) thrown at [/HUDSON3/workspace/8-2-build-macosx-x86_64/jdk8u11/648/hotspot/src/share/vm/prims/jvm.cpp, line 1248]
Event: 0.831 Thread 0x00007facfa0a3000 Exception <a 'java/security/PrivilegedActionException'> (0x00000007956bb410) thrown at [/HUDSON3/workspace/8-2-build-macosx-x86_64/jdk8u11/648/hotspot/src/share/vm/prims/jvm.cpp, line 1248]
Event: 0.834 Thread 0x00007facfa0a3000 Exception <a 'java/security/PrivilegedActionException'> (0x00000007956dd088) thrown at [/HUDSON3/workspace/8-2-build-macosx-x86_64/jdk8u11/648/hotspot/src/share/vm/prims/jvm.cpp, line 1248]
Event: 0.956 Thread 0x00007facfa0a3000 Implicit null exception at 0x000000010c9903f4 to 0x000000010c990711

Events (10 events):
Event: 4.252 Thread 0x00007facfb0b7800 Thread exited: 0x00007facfb0b7800
Event: 4.252 Thread 0x00007facfa006800 Thread exited: 0x00007facfa006800
Event: 4.252 Thread 0x00007facfa0a3000 Thread exited: 0x00007facfa0a3000
Event: 4.252 Thread 0x00007facfb907800 Thread added: 0x00007facfb907800
Event: 4.252 Thread 0x00007facfa084800 Thread exited: 0x00007facfa084800
Event: 4.252 loading class java/lang/Shutdown
Event: 4.253 loading class java/lang/Shutdown done
Event: 4.253 loading class java/lang/Shutdown$Lock
Event: 4.253 loading class java/lang/Shutdown$Lock done
Event: 4.253 Thread 0x00007facfb907800 Thread exited: 0x00007facfb907800


Dynamic libraries:
0x00000000035ac000 	/System/Library/Frameworks/Cocoa.framework/Versions/A/Cocoa
0x00000000035ac000 	/System/Library/Frameworks/Security.framework/Versions/A/Security
0x00000000035ac000 	/System/Library/Frameworks/ApplicationServices.framework/Versions/A/ApplicationServices
0x00000000035ac000 	/usr/lib/libz.1.dylib
0x00000000035ac000 	/usr/lib/libSystem.B.dylib
0x00000000035ac000 	/usr/lib/libobjc.A.dylib
0x00000000035ac000 	/System/Library/Frameworks/CoreFoundation.framework/Versions/A/CoreFoundation
0x00000000035ac000 	/System/Library/Frameworks/Foundation.framework/Versions/C/Foundation
0x00000000035ac000 	/System/Library/Frameworks/AppKit.framework/Versions/C/AppKit
0x00000000035ac000 	/System/Library/Frameworks/CoreData.framework/Versions/A/CoreData
0x00000000035ac000 	/System/Library/PrivateFrameworks/RemoteViewServices.framework/Versions/A/RemoteViewServices
0x00000000035ac000 	/System/Library/PrivateFrameworks/UIFoundation.framework/Versions/A/UIFoundation
0x00000000035ac000 	/System/Library/Frameworks/IOSurface.framework/Versions/A/IOSurface
0x00000000035ac000 	/System/Library/Frameworks/AudioToolbox.framework/Versions/A/AudioToolbox
0x00000000035ac000 	/System/Library/Frameworks/AudioUnit.framework/Versions/A/AudioUnit
0x00000000035ac000 	/System/Library/PrivateFrameworks/DataDetectorsCore.framework/Versions/A/DataDetectorsCore
0x00000000035ac000 	/System/Library/PrivateFrameworks/DesktopServicesPriv.framework/Versions/A/DesktopServicesPriv
0x00000000035ac000 	/System/Library/Frameworks/Carbon.framework/Versions/A/Frameworks/HIToolbox.framework/Versions/A/HIToolbox
0x00000000035ac000 	/System/Library/Frameworks/QuartzCore.framework/Versions/A/QuartzCore
0x00000000035ac000 	/System/Library/Frameworks/Carbon.framework/Versions/A/Frameworks/SpeechRecognition.framework/Versions/A/SpeechRecognition
0x00000000035ac000 	/usr/lib/libauto.dylib
0x00000000035ac000 	/usr/lib/libicucore.A.dylib
0x00000000035ac000 	/usr/lib/libxml2.2.dylib
0x00000000035ac000 	/System/Library/PrivateFrameworks/CoreUI.framework/Versions/A/CoreUI
0x00000000035ac000 	/System/Library/Frameworks/CoreAudio.framework/Versions/A/CoreAudio
0x00000000035ac000 	/System/Library/Frameworks/DiskArbitration.framework/Versions/A/DiskArbitration
0x00000000035ac000 	/usr/lib/liblangid.dylib
0x00000000035ac000 	/System/Library/PrivateFrameworks/MultitouchSupport.framework/Versions/A/MultitouchSupport
0x00000000035ac000 	/System/Library/Frameworks/IOKit.framework/Versions/A/IOKit
0x00000000035ac000 	/usr/lib/libDiagnosticMessagesClient.dylib
0x00000000035ac000 	/System/Library/Frameworks/CoreServices.framework/Versions/A/CoreServices
0x00000000035ac000 	/System/Library/PrivateFrameworks/PerformanceAnalysis.framework/Versions/A/PerformanceAnalysis
0x00000000035ac000 	/System/Library/PrivateFrameworks/GenerationalStorage.framework/Versions/A/GenerationalStorage
0x00000000035ac000 	/System/Library/Frameworks/OpenGL.framework/Versions/A/OpenGL
0x00000000035ac000 	/System/Library/PrivateFrameworks/Sharing.framework/Versions/A/Sharing
0x00000000035ac000 	/System/Library/Frameworks/CoreGraphics.framework/Versions/A/CoreGraphics
0x00000000035ac000 	/System/Library/Frameworks/CoreText.framework/Versions/A/CoreText
0x00000000035ac000 	/System/Library/Frameworks/ImageIO.framework/Versions/A/ImageIO
0x00000000035ac000 	/usr/lib/libextension.dylib
0x00000000035ac000 	/System/Library/PrivateFrameworks/Backup.framework/Versions/A/Backup
0x00000000035ac000 	/usr/lib/libarchive.2.dylib
0x00000000035ac000 	/System/Library/Frameworks/CFNetwork.framework/Versions/A/CFNetwork
0x00000000035ac000 	/System/Library/Frameworks/SystemConfiguration.framework/Versions/A/SystemConfiguration
0x00000000035ac000 	/usr/lib/libCRFSuite.dylib
0x00000000035ac000 	/usr/lib/libc++.1.dylib
0x00000000035ac000 	/usr/lib/libc++abi.dylib
0x00000000035ac000 	/usr/lib/system/libcache.dylib
0x00000000035ac000 	/usr/lib/system/libcommonCrypto.dylib
0x00000000035ac000 	/usr/lib/system/libcompiler_rt.dylib
0x00000000035ac000 	/usr/lib/system/libcopyfile.dylib
0x00000000035ac000 	/usr/lib/system/libcorecrypto.dylib
0x00000000035ac000 	/usr/lib/system/libdispatch.dylib
0x00000000035ac000 	/usr/lib/system/libdyld.dylib
0x00000000035ac000 	/usr/lib/system/libkeymgr.dylib
0x00000000035ac000 	/usr/lib/system/liblaunch.dylib
0x00000000035ac000 	/usr/lib/system/libmacho.dylib
0x00000000035ac000 	/usr/lib/system/libquarantine.dylib
0x00000000035ac000 	/usr/lib/system/libremovefile.dylib
0x00000000035ac000 	/usr/lib/system/libsystem_asl.dylib
0x00000000035ac000 	/usr/lib/system/libsystem_blocks.dylib
0x00000000035ac000 	/usr/lib/system/libsystem_c.dylib
0x00000000035ac000 	/usr/lib/system/libsystem_configuration.dylib
0x00000000035ac000 	/usr/lib/system/libsystem_coreservices.dylib
0x00000000035ac000 	/usr/lib/system/libsystem_coretls.dylib
0x00000000035ac000 	/usr/lib/system/libsystem_dnssd.dylib
0x00000000035ac000 	/usr/lib/system/libsystem_info.dylib
0x00000000035ac000 	/usr/lib/system/libsystem_kernel.dylib
0x00000000035ac000 	/usr/lib/system/libsystem_m.dylib
0x00000000035ac000 	/usr/lib/system/libsystem_malloc.dylib
0x00000000035ac000 	/usr/lib/system/libsystem_network.dylib
0x00000000035ac000 	/usr/lib/system/libsystem_networkextension.dylib
0x00000000035ac000 	/usr/lib/system/libsystem_notify.dylib
0x00000000035ac000 	/usr/lib/system/libsystem_platform.dylib
0x00000000035ac000 	/usr/lib/system/libsystem_pthread.dylib
0x00000000035ac000 	/usr/lib/system/libsystem_sandbox.dylib
0x00000000035ac000 	/usr/lib/system/libsystem_secinit.dylib
0x00000000035ac000 	/usr/lib/system/libsystem_stats.dylib
0x00000000035ac000 	/usr/lib/system/libsystem_trace.dylib
0x00000000035ac000 	/usr/lib/system/libunc.dylib
0x00000000035ac000 	/usr/lib/system/libunwind.dylib
0x00000000035ac000 	/usr/lib/system/libxpc.dylib
0x00000000035ac000 	/usr/lib/libbz2.1.0.dylib
0x00000000035ac000 	/usr/lib/liblzma.5.dylib
0x00000000035ac000 	/usr/lib/libbsm.0.dylib
0x00000000035ac000 	/usr/lib/libsqlite3.dylib
0x00000000035ac000 	/usr/lib/system/libkxld.dylib
0x00000000035ac000 	/usr/lib/libxar.1.dylib
0x00000000035ac000 	/usr/lib/libpam.2.dylib
0x00000000035ac000 	/usr/lib/libOpenScriptingUtil.dylib
0x00000000035ac000 	/System/Library/Frameworks/CoreServices.framework/Versions/A/Frameworks/FSEvents.framework/Versions/A/FSEvents
0x00000000035ac000 	/System/Library/Frameworks/CoreServices.framework/Versions/A/Frameworks/CarbonCore.framework/Versions/A/CarbonCore
0x00000000035ac000 	/System/Library/Frameworks/CoreServices.framework/Versions/A/Frameworks/Metadata.framework/Versions/A/Metadata
0x00000000035ac000 	/System/Library/Frameworks/CoreServices.framework/Versions/A/Frameworks/OSServices.framework/Versions/A/OSServices
0x00000000035ac000 	/System/Library/Frameworks/CoreServices.framework/Versions/A/Frameworks/SearchKit.framework/Versions/A/SearchKit
0x00000000035ac000 	/System/Library/Frameworks/CoreServices.framework/Versions/A/Frameworks/AE.framework/Versions/A/AE
0x00000000035ac000 	/System/Library/Frameworks/CoreServices.framework/Versions/A/Frameworks/LaunchServices.framework/Versions/A/LaunchServices
0x00000000035ac000 	/System/Library/Frameworks/CoreServices.framework/Versions/A/Frameworks/DictionaryServices.framework/Versions/A/DictionaryServices
0x00000000035ac000 	/System/Library/Frameworks/NetFS.framework/Versions/A/NetFS
0x00000000035ac000 	/System/Library/PrivateFrameworks/NetAuth.framework/Versions/A/NetAuth
0x00000000035ac000 	/System/Library/PrivateFrameworks/login.framework/Versions/A/Frameworks/loginsupport.framework/Versions/A/loginsupport
0x00000000035ac000 	/System/Library/PrivateFrameworks/TCC.framework/Versions/A/TCC
0x00000000035ac000 	/usr/lib/libmecabra.dylib
0x00000000035ac000 	/System/Library/PrivateFrameworks/LanguageModeling.framework/Versions/A/LanguageModeling
0x00000000035ac000 	/usr/lib/libcmph.dylib
0x00000000035ac000 	/usr/lib/libiconv.2.dylib
0x00000000035ac000 	/System/Library/Frameworks/OpenDirectory.framework/Versions/A/Frameworks/CFOpenDirectory.framework/Versions/A/CFOpenDirectory
0x00000000035ac000 	/System/Library/Frameworks/ServiceManagement.framework/Versions/A/ServiceManagement
0x00000000035ac000 	/usr/lib/libxslt.1.dylib
0x00000000035ac000 	/System/Library/Frameworks/Carbon.framework/Versions/A/Frameworks/Ink.framework/Versions/A/Ink
0x00000000035ac000 	/System/Library/Frameworks/ApplicationServices.framework/Versions/A/Frameworks/ATS.framework/Versions/A/ATS
0x00000000035ac000 	/System/Library/Frameworks/ApplicationServices.framework/Versions/A/Frameworks/ColorSync.framework/Versions/A/ColorSync
0x00000000035ac000 	/System/Library/Frameworks/ApplicationServices.framework/Versions/A/Frameworks/HIServices.framework/Versions/A/HIServices
0x00000000035ac000 	/System/Library/Frameworks/ApplicationServices.framework/Versions/A/Frameworks/LangAnalysis.framework/Versions/A/LangAnalysis
0x00000000035ac000 	/System/Library/Frameworks/ApplicationServices.framework/Versions/A/Frameworks/PrintCore.framework/Versions/A/PrintCore
0x00000000035ac000 	/System/Library/Frameworks/ApplicationServices.framework/Versions/A/Frameworks/QD.framework/Versions/A/QD
0x00000000035ac000 	/System/Library/Frameworks/ApplicationServices.framework/Versions/A/Frameworks/SpeechSynthesis.framework/Versions/A/SpeechSynthesis
0x00000000035ac000 	/System/Library/Frameworks/Accelerate.framework/Versions/A/Accelerate
0x00000000035ac000 	/System/Library/Frameworks/Accelerate.framework/Versions/A/Frameworks/vImage.framework/Versions/A/vImage
0x00000000035ac000 	/System/Library/Frameworks/Accelerate.framework/Versions/A/Frameworks/vecLib.framework/Versions/A/vecLib
0x00000000035ac000 	/System/Library/Frameworks/Accelerate.framework/Versions/A/Frameworks/vecLib.framework/Versions/A/libvDSP.dylib
0x00000000035ac000 	/System/Library/Frameworks/Accelerate.framework/Versions/A/Frameworks/vecLib.framework/Versions/A/libvMisc.dylib
0x00000000035ac000 	/System/Library/Frameworks/Accelerate.framework/Versions/A/Frameworks/vecLib.framework/Versions/A/libLAPACK.dylib
0x00000000035ac000 	/System/Library/Frameworks/Accelerate.framework/Versions/A/Frameworks/vecLib.framework/Versions/A/libBLAS.dylib
0x00000000035ac000 	/System/Library/Frameworks/Accelerate.framework/Versions/A/Frameworks/vecLib.framework/Versions/A/libLinearAlgebra.dylib
0x00000000035ac000 	/System/Library/Frameworks/ApplicationServices.framework/Versions/A/Frameworks/ATS.framework/Versions/A/Resources/libFontParser.dylib
0x00000000035ac000 	/System/Library/Frameworks/ApplicationServices.framework/Versions/A/Frameworks/ATS.framework/Versions/A/Resources/libFontRegistry.dylib
0x00000000035ac000 	/System/Library/PrivateFrameworks/AppleVPA.framework/Versions/A/AppleVPA
0x00000000035ac000 	/System/Library/PrivateFrameworks/AppleJPEG.framework/Versions/A/AppleJPEG
0x00000000035ac000 	/System/Library/Frameworks/ImageIO.framework/Versions/A/Resources/libJPEG.dylib
0x00000000035ac000 	/System/Library/Frameworks/ImageIO.framework/Versions/A/Resources/libTIFF.dylib
0x00000000035ac000 	/System/Library/Frameworks/ImageIO.framework/Versions/A/Resources/libPng.dylib
0x00000000035ac000 	/System/Library/Frameworks/ImageIO.framework/Versions/A/Resources/libGIF.dylib
0x00000000035ac000 	/System/Library/Frameworks/ImageIO.framework/Versions/A/Resources/libJP2.dylib
0x00000000035ac000 	/System/Library/Frameworks/ImageIO.framework/Versions/A/Resources/libRadiance.dylib
0x00000000035ac000 	/System/Library/Frameworks/CoreVideo.framework/Versions/A/CoreVideo
0x00000000035ac000 	/System/Library/Frameworks/OpenGL.framework/Versions/A/Libraries/libGLU.dylib
0x00000000035ac000 	/System/Library/Frameworks/OpenGL.framework/Versions/A/Libraries/libGFXShared.dylib
0x00000000035ac000 	/System/Library/Frameworks/OpenGL.framework/Versions/A/Libraries/libGL.dylib
0x00000000035ac000 	/System/Library/Frameworks/OpenGL.framework/Versions/A/Libraries/libGLImage.dylib
0x00000000035ac000 	/System/Library/Frameworks/OpenGL.framework/Versions/A/Libraries/libCVMSPluginSupport.dylib
0x00000000035ac000 	/System/Library/Frameworks/OpenGL.framework/Versions/A/Libraries/libCoreVMClient.dylib
0x00000000035ac000 	/usr/lib/libcups.2.dylib
0x00000000035ac000 	/System/Library/Frameworks/Kerberos.framework/Versions/A/Kerberos
0x00000000035ac000 	/System/Library/Frameworks/GSS.framework/Versions/A/GSS
0x00000000035ac000 	/usr/lib/libresolv.9.dylib
0x00000000035ac000 	/System/Library/PrivateFrameworks/Heimdal.framework/Versions/A/Heimdal
0x00000000035ac000 	/usr/lib/libheimdal-asn1.dylib
0x00000000035ac000 	/System/Library/Frameworks/OpenDirectory.framework/Versions/A/OpenDirectory
0x00000000035ac000 	/System/Library/PrivateFrameworks/CommonAuth.framework/Versions/A/CommonAuth
0x00000000035ac000 	/System/Library/Frameworks/SecurityFoundation.framework/Versions/A/SecurityFoundation
0x00000000035ac000 	/System/Library/Frameworks/QuartzCore.framework/Versions/A/Frameworks/CoreImage.framework/Versions/A/CoreImage
0x00000000035ac000 	/System/Library/PrivateFrameworks/CrashReporterSupport.framework/Versions/A/CrashReporterSupport
0x00000000035ac000 	/System/Library/Frameworks/OpenCL.framework/Versions/A/OpenCL
0x00000000035ac000 	/System/Library/PrivateFrameworks/FaceCore.framework/Versions/A/FaceCore
0x00000000035ac000 	/System/Library/PrivateFrameworks/Ubiquity.framework/Versions/A/Ubiquity
0x00000000035ac000 	/System/Library/PrivateFrameworks/IconServices.framework/Versions/A/IconServices
0x00000000035ac000 	/System/Library/PrivateFrameworks/ChunkingLibrary.framework/Versions/A/ChunkingLibrary
0x00000000035ac000 	/System/Library/PrivateFrameworks/Apple80211.framework/Versions/A/Apple80211
0x00000000035ac000 	/System/Library/Frameworks/CoreWLAN.framework/Versions/A/CoreWLAN
0x00000000035ac000 	/System/Library/Frameworks/IOBluetooth.framework/Versions/A/IOBluetooth
0x00000000035ac000 	/System/Library/PrivateFrameworks/CoreWiFi.framework/Versions/A/CoreWiFi
0x00000000035ac000 	/System/Library/Frameworks/CoreBluetooth.framework/Versions/A/CoreBluetooth
0x00000000035ac000 	/System/Library/PrivateFrameworks/DebugSymbols.framework/Versions/A/DebugSymbols
0x00000000035ac000 	/System/Library/PrivateFrameworks/CoreSymbolication.framework/Versions/A/CoreSymbolication
0x00000000035ac000 	/System/Library/PrivateFrameworks/Symbolication.framework/Versions/A/Symbolication
0x00000000035ac000 	/System/Library/PrivateFrameworks/SpeechRecognitionCore.framework/Versions/A/SpeechRecognitionCore
0x000000010b800000 	/Library/Java/JavaVirtualMachines/jdk1.8.0_11.jdk/Contents/Home/jre/lib/server/libjvm.dylib
0x00000000035ac000 	/usr/lib/libstdc++.6.dylib
0x000000010af05000 	/Library/Java/JavaVirtualMachines/jdk1.8.0_11.jdk/Contents/Home/jre/lib/libverify.dylib
0x000000010af13000 	/Library/Java/JavaVirtualMachines/jdk1.8.0_11.jdk/Contents/Home/jre/lib/libjava.dylib
0x000000010af48000 	/Library/Java/JavaVirtualMachines/jdk1.8.0_11.jdk/Contents/Home/jre/lib/libjdwp.dylib
0x000000010af93000 	/Library/Java/JavaVirtualMachines/jdk1.8.0_11.jdk/Contents/Home/jre/lib/libnpt.dylib
0x000000010afa0000 	/Library/Java/JavaVirtualMachines/jdk1.8.0_11.jdk/Contents/Home/jre/lib/libzip.dylib
0x00000001227c8000 	/System/Library/Frameworks/JavaVM.framework/Frameworks/JavaRuntimeSupport.framework/JavaRuntimeSupport
0x00000001227de000 	/System/Library/Frameworks/JavaVM.framework/Versions/A/Frameworks/JavaNativeFoundation.framework/Versions/A/JavaNativeFoundation
0x000000010aff1000 	/System/Library/Frameworks/JavaVM.framework/Versions/A/JavaVM
0x00000000035ac000 	/System/Library/Frameworks/Carbon.framework/Versions/A/Carbon
0x00000001227f2000 	/System/Library/PrivateFrameworks/JavaLaunching.framework/Versions/A/JavaLaunching
0x00000000035ac000 	/System/Library/Frameworks/Carbon.framework/Versions/A/Frameworks/CommonPanels.framework/Versions/A/CommonPanels
0x00000000035ac000 	/System/Library/Frameworks/Carbon.framework/Versions/A/Frameworks/Help.framework/Versions/A/Help
0x00000000035ac000 	/System/Library/Frameworks/Carbon.framework/Versions/A/Frameworks/ImageCapture.framework/Versions/A/ImageCapture
0x00000000035ac000 	/System/Library/Frameworks/Carbon.framework/Versions/A/Frameworks/OpenScripting.framework/Versions/A/OpenScripting
0x00000000035ac000 	/System/Library/Frameworks/Carbon.framework/Versions/A/Frameworks/Print.framework/Versions/A/Print
0x00000000035ac000 	/System/Library/Frameworks/Carbon.framework/Versions/A/Frameworks/SecurityHI.framework/Versions/A/SecurityHI
0x00000001240ff000 	/Library/Java/JavaVirtualMachines/jdk1.8.0_11.jdk/Contents/Home/jre/lib/libdt_socket.dylib
0x0000000124acb000 	/Library/Java/JavaVirtualMachines/jdk1.8.0_11.jdk/Contents/Home/jre/lib/libprism_es2.dylib
0x00000000035ac000 	/System/Library/Frameworks/OpenGL.framework/Versions/A/Resources/GLEngine.bundle/GLEngine
0x00000000035ac000 	/System/Library/Frameworks/OpenGL.framework/Versions/A/Libraries/libGLProgrammability.dylib
0x0000000000000000 	/System/Library/Extensions/AppleIntelHD3000GraphicsGLDriver.bundle/Contents/MacOS/AppleIntelHD3000GraphicsGLDriver
0x0000000124b47000 	/System/Library/PrivateFrameworks/GPUSupport.framework/Versions/A/Libraries/libGPUSupport.dylib
0x00000000035ac000 	/System/Library/Frameworks/OpenGL.framework/Versions/A/Resources/GLRendererFloat.bundle/GLRendererFloat
0x00000000035ac000 	/System/Library/Frameworks/OpenCL.framework/Versions/A/Libraries/libcldcpuengine.dylib
0x00000000035ac000 	/System/Library/PrivateFrameworks/DiskImages.framework/Versions/A/DiskImages
0x00000000035ac000 	/System/Library/Frameworks/DiscRecording.framework/Versions/A/DiscRecording
0x00000000035ac000 	/usr/lib/libcsfde.dylib
0x00000000035ac000 	/usr/lib/libcurl.4.dylib
0x00000000035ac000 	/System/Library/PrivateFrameworks/MediaKit.framework/Versions/A/MediaKit
0x00000000035ac000 	/System/Library/PrivateFrameworks/ProtectedCloudStorage.framework/Versions/A/ProtectedCloudStorage
0x00000000035ac000 	/usr/lib/libCoreStorage.dylib
0x00000000035ac000 	/System/Library/PrivateFrameworks/EFILogin.framework/Versions/A/EFILogin
0x00000000035ac000 	/usr/lib/libutil.dylib
0x00000000035ac000 	/System/Library/PrivateFrameworks/FindMyDevice.framework/Versions/A/FindMyDevice
0x00000000035ac000 	/System/Library/Frameworks/LDAP.framework/Versions/A/LDAP
0x00000000035ac000 	/usr/lib/libsasl2.2.dylib
0x00000000035ac000 	/System/Library/PrivateFrameworks/CoreDaemon.framework/Versions/B/CoreDaemon
0x00000000035ac000 	/usr/lib/libcrypto.0.9.8.dylib
0x00000000035ac000 	/System/Library/PrivateFrameworks/AppleSRP.framework/Versions/A/AppleSRP
0x00000000035ac000 	/System/Library/PrivateFrameworks/TrustEvaluationAgent.framework/Versions/A/TrustEvaluationAgent
0x0000000124d3c000 	/Library/Java/JavaVirtualMachines/jdk1.8.0_11.jdk/Contents/Home/jre/lib/libglass.dylib
0x00000000035ac000 	/System/Library/PrivateFrameworks/CoreServicesInternal.framework/Versions/A/CoreServicesInternal
0x00000000035ac000 	/System/Library/PrivateFrameworks/CloudDocs.framework/Versions/A/CloudDocs
0x00000000035ac000 	/System/Library/PrivateFrameworks/CoreDuet.framework/Versions/A/CoreDuet
0x00000000035ac000 	/System/Library/Frameworks/CloudKit.framework/Versions/A/CloudKit
0x00000000035ac000 	/System/Library/PrivateFrameworks/ProtocolBuffer.framework/Versions/A/ProtocolBuffer
0x00000000035ac000 	/System/Library/PrivateFrameworks/CoreDuetDaemonProtocol.framework/Versions/A/CoreDuetDaemonProtocol
0x00000000035ac000 	/System/Library/PrivateFrameworks/CoreDuetDebugLogging.framework/Versions/A/CoreDuetDebugLogging
0x00000000035ac000 	/System/Library/Frameworks/CoreLocation.framework/Versions/A/CoreLocation
0x00000000035ac000 	/System/Library/Frameworks/Accounts.framework/Versions/A/Accounts
0x00000000035ac000 	/System/Library/PrivateFrameworks/ApplePushService.framework/Versions/A/ApplePushService
0x00000000035ac000 	/System/Library/PrivateFrameworks/GeoServices.framework/Versions/A/GeoServices
0x00000000035ac000 	/System/Library/PrivateFrameworks/OAuth.framework/Versions/A/OAuth
0x00000000035ac000 	/System/Library/Frameworks/CoreGraphics.framework/Versions/A/Resources/libCGCMS.A.dylib
0x00000000035ac000 	/System/Library/CoreServices/RawCamera.bundle/Contents/MacOS/RawCamera
0x0000000126380000 	/System/Library/Frameworks/CoreGraphics.framework/Versions/A/Resources/libRIP.A.dylib
0x00000000035ac000 	/System/Library/PrivateFrameworks/FamilyControls.framework/Versions/A/FamilyControls
0x00000000035ac000 	/System/Library/PrivateFrameworks/CommerceKit.framework/Versions/A/Frameworks/CommerceCore.framework/Versions/A/CommerceCore
0x00000000035ac000 	/System/Library/PrivateFrameworks/SystemAdministration.framework/Versions/A/SystemAdministration
0x00000000035ac000 	/System/Library/PrivateFrameworks/AppContainer.framework/Versions/A/AppContainer
0x00000000035ac000 	/System/Library/PrivateFrameworks/SecCodeWrapper.framework/Versions/A/SecCodeWrapper
0x00000000035ac000 	/System/Library/Frameworks/DirectoryService.framework/Versions/A/DirectoryService
0x00000000035ac000 	/System/Library/PrivateFrameworks/LoginUIKit.framework/Versions/A/Frameworks/LoginUICore.framework/Versions/A/LoginUICore
0x00000000035ac000 	/usr/lib/libodfde.dylib
0x000000012657b000 	/Library/Java/JavaVirtualMachines/jdk1.8.0_11.jdk/Contents/Home/jre/lib/libjavafx_font.dylib
0x00000000035ac000 	/System/Library/Frameworks/CoreGraphics.framework/Versions/A/Resources/libCGXType.A.dylib
0x000000012a17b000 	cl_kernels
0x000000012a17d000 	/System/Library/Frameworks/OpenCL.framework/Versions/A/Libraries/ImageFormats/unorm8_bgra.dylib
0x000000012a16c000 	cl_kernels
0x000000012a2a5000 	/Library/Java/JavaVirtualMachines/jdk1.8.0_11.jdk/Contents/Home/jre/lib/libprism_common.dylib

VM Arguments:
jvm_args: -Xdebug -Xrunjdwp:transport=dt_socket,address=localhost:55470 -Dfile.encoding=UTF-8 
java_command: /Users/spacemunky/Documents/School/CS 3250/Projects/Calculator/dist/run1147379360/Calculator.jar
java_class_path (initial): /Users/spacemunky/Documents/School/CS 3250/Projects/Calculator/dist/run1147379360/Calculator.jar
Launcher Type: SUN_STANDARD

Environment Variables:
PATH=/usr/bin:/bin:/usr/sbin:/sbin
LD_LIBRARY_PATH=/Library/Java/JavaVirtualMachines/jdk1.8.0_11.jdk/Contents/Home/jre/lib/amd64:/Library/Java/JavaVirtualMachines/jdk1.8.0_11.jdk/Contents/Home/jre/lib/i386:
SHELL=/bin/bash
DISPLAY=/private/tmp/com.apple.launchd.lt9pP7cUam/org.macosforge.xquartz:0
DYLD_LIBRARY_PATH=/Applications/NetBeans/NetBeans 8.0.app/Contents/Resources/NetBeans/webcommon/bin:

Signal Handlers:
SIGSEGV: [libjvm.dylib+0x56059b], sa_mask[0]=0xfffefeff, sa_flags=0x00000043
SIGBUS: [libjvm.dylib+0x56059b], sa_mask[0]=0xfffefeff, sa_flags=0x00000042
SIGFPE: [libjvm.dylib+0x4438f2], sa_mask[0]=0xfffefeff, sa_flags=0x00000042
SIGPIPE: [libjvm.dylib+0x4438f2], sa_mask[0]=0xfffefeff, sa_flags=0x00000042
SIGXFSZ: [libjvm.dylib+0x4438f2], sa_mask[0]=0xfffefeff, sa_flags=0x00000042
SIGILL: [libjvm.dylib+0x4438f2], sa_mask[0]=0xfffefeff, sa_flags=0x00000042
SIGUSR1: SIG_DFL, sa_mask[0]=0x00000000, sa_flags=0x00000000
SIGUSR2: [libjvm.dylib+0x443410], sa_mask[0]=0x00000004, sa_flags=0x00000042
SIGHUP: [libjvm.dylib+0x44179b], sa_mask[0]=0xfffefeff, sa_flags=0x00000042
SIGINT: SIG_IGN, sa_mask[0]=0x00000000, sa_flags=0x00000000
SIGTERM: [libjvm.dylib+0x44179b], sa_mask[0]=0xfffefeff, sa_flags=0x00000042
SIGQUIT: [libjvm.dylib+0x44179b], sa_mask[0]=0xfffefeff, sa_flags=0x00000042


---------------  S Y S T E M  ---------------

OS:Bsduname:Darwin 14.0.0 Darwin Kernel Version 14.0.0: Fri Sep 19 00:26:44 PDT 2014; root:xnu-2782.1.97~2/RELEASE_X86_64 x86_64
rlimit: STACK 8192k, CORE 0k, NPROC 709, NOFILE 10240, AS infinity
load average:2.20 4.40 7.92

CPU:total 4 (2 cores per cpu, 2 threads per core) family 6 model 42 stepping 7, cmov, cx8, fxsr, mmx, sse, sse2, sse3, ssse3, sse4.1, sse4.2, popcnt, avx, aes, clmul, ht, tsc, tscinvbit

Memory: 4k page, physical 8388608k(1356728k free)

/proc/meminfo:


vm_info: Java HotSpot(TM) 64-Bit Server VM (25.11-b03) for bsd-amd64 JRE (1.8.0_11-b12), built on Jun 16 2014 17:39:42 by "java_re" with gcc 4.2.1 (Based on Apple Inc. build 5658) (LLVM build 2336.11.00)

time: Sun Dec  7 17:54:56 2014
elapsed time: 4 seconds

